{"D:\\antigravity ide\\utm\\src\\config\\index.js": {"path":"D:\\antigravity ide\\utm\\src\\config\\index.js","statementMap":{"0":{"start":{"line":1,"column":0},"end":{"line":1,"column":26}},"1":{"start":{"line":3,"column":0},"end":{"line":48,"column":1}}},"fnMap":{},"branchMap":{"0":{"loc":{"start":{"line":4,"column":8},"end":{"line":4,"column":32}},"type":"binary-expr","locations":[{"start":{"line":4,"column":8},"end":{"line":4,"column":24}},{"start":{"line":4,"column":28},"end":{"line":4,"column":32}}],"line":4},"1":{"loc":{"start":{"line":5,"column":11},"end":{"line":5,"column":48}},"type":"binary-expr","locations":[{"start":{"line":5,"column":11},"end":{"line":5,"column":31}},{"start":{"line":5,"column":35},"end":{"line":5,"column":48}}],"line":5},"2":{"loc":{"start":{"line":7,"column":10},"end":{"line":7,"column":44}},"type":"binary-expr","locations":[{"start":{"line":7,"column":10},"end":{"line":7,"column":29}},{"start":{"line":7,"column":33},"end":{"line":7,"column":44}}],"line":7},"3":{"loc":{"start":{"line":8,"column":10},"end":{"line":8,"column":37}},"type":"binary-expr","locations":[{"start":{"line":8,"column":10},"end":{"line":8,"column":29}},{"start":{"line":8,"column":33},"end":{"line":8,"column":37}}],"line":8},"4":{"loc":{"start":{"line":9,"column":10},"end":{"line":9,"column":44}},"type":"binary-expr","locations":[{"start":{"line":9,"column":10},"end":{"line":9,"column":29}},{"start":{"line":9,"column":33},"end":{"line":9,"column":44}}],"line":9},"5":{"loc":{"start":{"line":10,"column":10},"end":{"line":10,"column":43}},"type":"binary-expr","locations":[{"start":{"line":10,"column":10},"end":{"line":10,"column":29}},{"start":{"line":10,"column":33},"end":{"line":10,"column":43}}],"line":10},"6":{"loc":{"start":{"line":11,"column":14},"end":{"line":11,"column":51}},"type":"binary-expr","locations":[{"start":{"line":11,"column":14},"end":{"line":11,"column":37}},{"start":{"line":11,"column":41},"end":{"line":11,"column":51}}],"line":11},"7":{"loc":{"start":{"line":14,"column":10},"end":{"line":14,"column":47}},"type":"binary-expr","locations":[{"start":{"line":14,"column":10},"end":{"line":14,"column":32}},{"start":{"line":14,"column":36},"end":{"line":14,"column":47}}],"line":14},"8":{"loc":{"start":{"line":15,"column":10},"end":{"line":15,"column":40}},"type":"binary-expr","locations":[{"start":{"line":15,"column":10},"end":{"line":15,"column":32}},{"start":{"line":15,"column":36},"end":{"line":15,"column":40}}],"line":15},"9":{"loc":{"start":{"line":18,"column":12},"end":{"line":18,"column":78}},"type":"binary-expr","locations":[{"start":{"line":18,"column":12},"end":{"line":18,"column":34}},{"start":{"line":18,"column":38},"end":{"line":18,"column":78}}],"line":18},"10":{"loc":{"start":{"line":19,"column":15},"end":{"line":19,"column":49}},"type":"binary-expr","locations":[{"start":{"line":19,"column":15},"end":{"line":19,"column":41}},{"start":{"line":19,"column":45},"end":{"line":19,"column":49}}],"line":19},"11":{"loc":{"start":{"line":22,"column":12},"end":{"line":22,"column":72}},"type":"binary-expr","locations":[{"start":{"line":22,"column":12},"end":{"line":22,"column":38}},{"start":{"line":22,"column":42},"end":{"line":22,"column":72}}],"line":22},"12":{"loc":{"start":{"line":23,"column":12},"end":{"line":23,"column":59}},"type":"binary-expr","locations":[{"start":{"line":23,"column":12},"end":{"line":23,"column":38}},{"start":{"line":23,"column":42},"end":{"line":23,"column":59}}],"line":23},"13":{"loc":{"start":{"line":26,"column":12},"end":{"line":26,"column":58}},"type":"binary-expr","locations":[{"start":{"line":26,"column":12},"end":{"line":26,"column":38}},{"start":{"line":26,"column":42},"end":{"line":26,"column":58}}],"line":26},"14":{"loc":{"start":{"line":27,"column":11},"end":{"line":27,"column":46}},"type":"binary-expr","locations":[{"start":{"line":27,"column":11},"end":{"line":27,"column":35}},{"start":{"line":27,"column":39},"end":{"line":27,"column":46}}],"line":27}},"s":{"0":1,"1":1},"f":{},"b":{"0":[1,0],"1":[1,0],"2":[1,0],"3":[1,0],"4":[1,0],"5":[1,0],"6":[1,0],"7":[1,0],"8":[1,0],"9":[1,0],"10":[1,0],"11":[1,0],"12":[1,0],"13":[1,0],"14":[1,0]},"_coverageSchema":"1a1c01bbd47fc00a2c39e90264f33305004495a9","hash":"4fed6321f31441871e412ec462d0059c67fe7897"}
,"D:\\antigravity ide\\utm\\src\\controllers\\dashboardController.js": {"path":"D:\\antigravity ide\\utm\\src\\controllers\\dashboardController.js","statementMap":{"0":{"start":{"line":1,"column":11},"end":{"line":1,"column":44}},"1":{"start":{"line":2,"column":17},"end":{"line":2,"column":48}},"2":{"start":{"line":3,"column":20},"end":{"line":3,"column":54}},"3":{"start":{"line":4,"column":23},"end":{"line":4,"column":60}},"4":{"start":{"line":5,"column":27},"end":{"line":5,"column":68}},"5":{"start":{"line":9,"column":4},"end":{"line":55,"column":5}},"6":{"start":{"line":10,"column":21},"end":{"line":10,"column":32}},"7":{"start":{"line":12,"column":85},"end":{"line":20,"column":8}},"8":{"start":{"line":22,"column":6},"end":{"line":24,"column":7}},"9":{"start":{"line":23,"column":8},"end":{"line":23,"column":64}},"10":{"start":{"line":26,"column":30},"end":{"line":35,"column":7}},"11":{"start":{"line":37,"column":27},"end":{"line":40,"column":7}},"12":{"start":{"line":42,"column":6},"end":{"line":52,"column":8}},"13":{"start":{"line":54,"column":6},"end":{"line":54,"column":52}},"14":{"start":{"line":59,"column":4},"end":{"line":75,"column":5}},"15":{"start":{"line":60,"column":21},"end":{"line":60,"column":32}},"16":{"start":{"line":62,"column":21},"end":{"line":65,"column":7}},"17":{"start":{"line":67,"column":6},"end":{"line":69,"column":7}},"18":{"start":{"line":68,"column":8},"end":{"line":68,"column":68}},"19":{"start":{"line":71,"column":23},"end":{"line":71,"column":74}},"20":{"start":{"line":72,"column":6},"end":{"line":72,"column":46}},"21":{"start":{"line":74,"column":6},"end":{"line":74,"column":52}},"22":{"start":{"line":79,"column":4},"end":{"line":94,"column":5}},"23":{"start":{"line":80,"column":21},"end":{"line":80,"column":32}},"24":{"start":{"line":81,"column":20},"end":{"line":90,"column":7}},"25":{"start":{"line":91,"column":6},"end":{"line":91,"column":26}},"26":{"start":{"line":93,"column":6},"end":{"line":93,"column":52}},"27":{"start":{"line":98,"column":4},"end":{"line":116,"column":5}},"28":{"start":{"line":99,"column":21},"end":{"line":99,"column":32}},"29":{"start":{"line":100,"column":74},"end":{"line":100,"column":82}},"30":{"start":{"line":102,"column":21},"end":{"line":106,"column":7}},"31":{"start":{"line":108,"column":6},"end":{"line":111,"column":7}},"32":{"start":{"line":113,"column":6},"end":{"line":113,"column":42}},"33":{"start":{"line":115,"column":6},"end":{"line":115,"column":52}},"34":{"start":{"line":120,"column":4},"end":{"line":139,"column":5}},"35":{"start":{"line":121,"column":21},"end":{"line":121,"column":32}},"36":{"start":{"line":122,"column":51},"end":{"line":122,"column":60}},"37":{"start":{"line":124,"column":18},"end":{"line":124,"column":65}},"38":{"start":{"line":125,"column":21},"end":{"line":125,"column":29}},"39":{"start":{"line":127,"column":6},"end":{"line":130,"column":7}},"40":{"start":{"line":128,"column":8},"end":{"line":128,"column":56}},"41":{"start":{"line":129,"column":8},"end":{"line":129,"column":29}},"42":{"start":{"line":132,"column":6},"end":{"line":132,"column":105}},"43":{"start":{"line":133,"column":6},"end":{"line":133,"column":52}},"44":{"start":{"line":135,"column":21},"end":{"line":135,"column":50}},"45":{"start":{"line":136,"column":6},"end":{"line":136,"column":27}},"46":{"start":{"line":138,"column":6},"end":{"line":138,"column":52}},"47":{"start":{"line":143,"column":4},"end":{"line":165,"column":5}},"48":{"start":{"line":144,"column":21},"end":{"line":144,"column":32}},"49":{"start":{"line":145,"column":96},"end":{"line":145,"column":104}},"50":{"start":{"line":147,"column":26},"end":{"line":147,"column":101}},"51":{"start":{"line":149,"column":21},"end":{"line":153,"column":7}},"52":{"start":{"line":155,"column":18},"end":{"line":155,"column":32}},"53":{"start":{"line":157,"column":6},"end":{"line":160,"column":7}},"54":{"start":{"line":158,"column":8},"end":{"line":158,"column":51}},"55":{"start":{"line":159,"column":8},"end":{"line":159,"column":51}},"56":{"start":{"line":162,"column":6},"end":{"line":162,"column":31}},"57":{"start":{"line":164,"column":6},"end":{"line":164,"column":52}},"58":{"start":{"line":169,"column":4},"end":{"line":178,"column":5}},"59":{"start":{"line":170,"column":21},"end":{"line":170,"column":32}},"60":{"start":{"line":171,"column":20},"end":{"line":174,"column":7}},"61":{"start":{"line":175,"column":6},"end":{"line":175,"column":26}},"62":{"start":{"line":177,"column":6},"end":{"line":177,"column":52}},"63":{"start":{"line":182,"column":4},"end":{"line":190,"column":5}},"64":{"start":{"line":183,"column":21},"end":{"line":183,"column":32}},"65":{"start":{"line":184,"column":36},"end":{"line":184,"column":44}},"66":{"start":{"line":186,"column":21},"end":{"line":186,"column":79}},"67":{"start":{"line":187,"column":6},"end":{"line":187,"column":34}},"68":{"start":{"line":189,"column":6},"end":{"line":189,"column":52}},"69":{"start":{"line":194,"column":4},"end":{"line":206,"column":5}},"70":{"start":{"line":195,"column":25},"end":{"line":195,"column":35}},"71":{"start":{"line":196,"column":28},"end":{"line":196,"column":36}},"72":{"start":{"line":198,"column":6},"end":{"line":201,"column":7}},"73":{"start":{"line":203,"column":6},"end":{"line":203,"column":33}},"74":{"start":{"line":205,"column":6},"end":{"line":205,"column":52}},"75":{"start":{"line":210,"column":4},"end":{"line":228,"column":5}},"76":{"start":{"line":211,"column":21},"end":{"line":211,"column":32}},"77":{"start":{"line":212,"column":42},"end":{"line":212,"column":51}},"78":{"start":{"line":214,"column":18},"end":{"line":214,"column":59}},"79":{"start":{"line":215,"column":21},"end":{"line":215,"column":29}},"80":{"start":{"line":217,"column":6},"end":{"line":219,"column":7}},"81":{"start":{"line":218,"column":8},"end":{"line":218,"column":39}},"82":{"start":{"line":221,"column":6},"end":{"line":221,"column":72}},"83":{"start":{"line":222,"column":6},"end":{"line":222,"column":34}},"84":{"start":{"line":224,"column":21},"end":{"line":224,"column":50}},"85":{"start":{"line":225,"column":6},"end":{"line":225,"column":27}},"86":{"start":{"line":227,"column":6},"end":{"line":227,"column":52}},"87":{"start":{"line":232,"column":4},"end":{"line":238,"column":5}},"88":{"start":{"line":233,"column":26},"end":{"line":233,"column":36}},"89":{"start":{"line":234,"column":6},"end":{"line":234,"column":46}},"90":{"start":{"line":235,"column":6},"end":{"line":235,"column":33}},"91":{"start":{"line":237,"column":6},"end":{"line":237,"column":52}},"92":{"start":{"line":242,"column":4},"end":{"line":248,"column":5}},"93":{"start":{"line":243,"column":21},"end":{"line":243,"column":32}},"94":{"start":{"line":244,"column":22},"end":{"line":244,"column":65}},"95":{"start":{"line":245,"column":6},"end":{"line":245,"column":23}},"96":{"start":{"line":247,"column":6},"end":{"line":247,"column":52}},"97":{"start":{"line":252,"column":4},"end":{"line":260,"column":5}},"98":{"start":{"line":253,"column":21},"end":{"line":253,"column":32}},"99":{"start":{"line":254,"column":62},"end":{"line":254,"column":70}},"100":{"start":{"line":256,"column":20},"end":{"line":256,"column":116}},"101":{"start":{"line":257,"column":6},"end":{"line":257,"column":33}},"102":{"start":{"line":259,"column":6},"end":{"line":259,"column":52}},"103":{"start":{"line":264,"column":4},"end":{"line":272,"column":5}},"104":{"start":{"line":265,"column":21},"end":{"line":265,"column":32}},"105":{"start":{"line":266,"column":26},"end":{"line":266,"column":36}},"106":{"start":{"line":268,"column":21},"end":{"line":268,"column":79}},"107":{"start":{"line":269,"column":6},"end":{"line":269,"column":22}},"108":{"start":{"line":271,"column":6},"end":{"line":271,"column":52}},"109":{"start":{"line":276,"column":4},"end":{"line":285,"column":5}},"110":{"start":{"line":277,"column":21},"end":{"line":277,"column":32}},"111":{"start":{"line":278,"column":26},"end":{"line":278,"column":36}},"112":{"start":{"line":279,"column":59},"end":{"line":279,"column":67}},"113":{"start":{"line":281,"column":21},"end":{"line":281,"column":119}},"114":{"start":{"line":282,"column":6},"end":{"line":282,"column":22}},"115":{"start":{"line":284,"column":6},"end":{"line":284,"column":52}},"116":{"start":{"line":289,"column":4},"end":{"line":295,"column":5}},"117":{"start":{"line":290,"column":26},"end":{"line":290,"column":36}},"118":{"start":{"line":291,"column":26},"end":{"line":291,"column":79}},"119":{"start":{"line":292,"column":6},"end":{"line":292,"column":27}},"120":{"start":{"line":294,"column":6},"end":{"line":294,"column":52}},"121":{"start":{"line":299,"column":4},"end":{"line":306,"column":5}},"122":{"start":{"line":300,"column":21},"end":{"line":300,"column":32}},"123":{"start":{"line":301,"column":28},"end":{"line":301,"column":37}},"124":{"start":{"line":302,"column":23},"end":{"line":302,"column":85}},"125":{"start":{"line":303,"column":6},"end":{"line":303,"column":24}},"126":{"start":{"line":305,"column":6},"end":{"line":305,"column":52}},"127":{"start":{"line":310,"column":0},"end":{"line":310,"column":42}}},"fnMap":{"0":{"name":"(anonymous_0)","decl":{"start":{"line":8,"column":2},"end":{"line":8,"column":3}},"loc":{"start":{"line":8,"column":31},"end":{"line":56,"column":3}},"line":8},"1":{"name":"(anonymous_1)","decl":{"start":{"line":58,"column":2},"end":{"line":58,"column":3}},"loc":{"start":{"line":58,"column":32},"end":{"line":76,"column":3}},"line":58},"2":{"name":"(anonymous_2)","decl":{"start":{"line":78,"column":2},"end":{"line":78,"column":3}},"loc":{"start":{"line":78,"column":27},"end":{"line":95,"column":3}},"line":78},"3":{"name":"(anonymous_3)","decl":{"start":{"line":97,"column":2},"end":{"line":97,"column":3}},"loc":{"start":{"line":97,"column":29},"end":{"line":117,"column":3}},"line":97},"4":{"name":"(anonymous_4)","decl":{"start":{"line":119,"column":2},"end":{"line":119,"column":3}},"loc":{"start":{"line":119,"column":34},"end":{"line":140,"column":3}},"line":119},"5":{"name":"(anonymous_5)","decl":{"start":{"line":142,"column":2},"end":{"line":142,"column":3}},"loc":{"start":{"line":142,"column":33},"end":{"line":166,"column":3}},"line":142},"6":{"name":"(anonymous_6)","decl":{"start":{"line":168,"column":2},"end":{"line":168,"column":3}},"loc":{"start":{"line":168,"column":35},"end":{"line":179,"column":3}},"line":168},"7":{"name":"(anonymous_7)","decl":{"start":{"line":181,"column":2},"end":{"line":181,"column":3}},"loc":{"start":{"line":181,"column":37},"end":{"line":191,"column":3}},"line":181},"8":{"name":"(anonymous_8)","decl":{"start":{"line":193,"column":2},"end":{"line":193,"column":3}},"loc":{"start":{"line":193,"column":37},"end":{"line":207,"column":3}},"line":193},"9":{"name":"(anonymous_9)","decl":{"start":{"line":209,"column":2},"end":{"line":209,"column":3}},"loc":{"start":{"line":209,"column":28},"end":{"line":229,"column":3}},"line":209},"10":{"name":"(anonymous_10)","decl":{"start":{"line":231,"column":2},"end":{"line":231,"column":3}},"loc":{"start":{"line":231,"column":28},"end":{"line":239,"column":3}},"line":231},"11":{"name":"(anonymous_11)","decl":{"start":{"line":241,"column":2},"end":{"line":241,"column":3}},"loc":{"start":{"line":241,"column":41},"end":{"line":249,"column":3}},"line":241},"12":{"name":"(anonymous_12)","decl":{"start":{"line":251,"column":2},"end":{"line":251,"column":3}},"loc":{"start":{"line":251,"column":37},"end":{"line":261,"column":3}},"line":251},"13":{"name":"(anonymous_13)","decl":{"start":{"line":263,"column":2},"end":{"line":263,"column":3}},"loc":{"start":{"line":263,"column":35},"end":{"line":273,"column":3}},"line":263},"14":{"name":"(anonymous_14)","decl":{"start":{"line":275,"column":2},"end":{"line":275,"column":3}},"loc":{"start":{"line":275,"column":33},"end":{"line":286,"column":3}},"line":275},"15":{"name":"(anonymous_15)","decl":{"start":{"line":288,"column":2},"end":{"line":288,"column":3}},"loc":{"start":{"line":288,"column":38},"end":{"line":296,"column":3}},"line":288},"16":{"name":"(anonymous_16)","decl":{"start":{"line":298,"column":2},"end":{"line":298,"column":3}},"loc":{"start":{"line":298,"column":38},"end":{"line":307,"column":3}},"line":298}},"branchMap":{"0":{"loc":{"start":{"line":22,"column":6},"end":{"line":24,"column":7}},"type":"if","locations":[{"start":{"line":22,"column":6},"end":{"line":24,"column":7}},{"start":{},"end":{}}],"line":22},"1":{"loc":{"start":{"line":45,"column":16},"end":{"line":45,"column":74}},"type":"binary-expr","locations":[{"start":{"line":45,"column":16},"end":{"line":45,"column":30}},{"start":{"line":45,"column":34},"end":{"line":45,"column":74}}],"line":45},"2":{"loc":{"start":{"line":46,"column":22},"end":{"line":46,"column":77}},"type":"binary-expr","locations":[{"start":{"line":46,"column":22},"end":{"line":46,"column":37}},{"start":{"line":46,"column":41},"end":{"line":46,"column":77}}],"line":46},"3":{"loc":{"start":{"line":67,"column":6},"end":{"line":69,"column":7}},"type":"if","locations":[{"start":{"line":67,"column":6},"end":{"line":69,"column":7}},{"start":{},"end":{}}],"line":67},"4":{"loc":{"start":{"line":105,"column":58},"end":{"line":105,"column":74}},"type":"binary-expr","locations":[{"start":{"line":105,"column":58},"end":{"line":105,"column":62}},{"start":{"line":105,"column":66},"end":{"line":105,"column":74}}],"line":105},"5":{"loc":{"start":{"line":105,"column":76},"end":{"line":105,"column":96}},"type":"binary-expr","locations":[{"start":{"line":105,"column":76},"end":{"line":105,"column":84}},{"start":{"line":105,"column":88},"end":{"line":105,"column":96}}],"line":105},"6":{"loc":{"start":{"line":122,"column":24},"end":{"line":122,"column":34}},"type":"default-arg","locations":[{"start":{"line":122,"column":32},"end":{"line":122,"column":34}}],"line":122},"7":{"loc":{"start":{"line":122,"column":36},"end":{"line":122,"column":46}},"type":"default-arg","locations":[{"start":{"line":122,"column":45},"end":{"line":122,"column":46}}],"line":122},"8":{"loc":{"start":{"line":127,"column":6},"end":{"line":130,"column":7}},"type":"if","locations":[{"start":{"line":127,"column":6},"end":{"line":130,"column":7}},{"start":{},"end":{}}],"line":127},"9":{"loc":{"start":{"line":147,"column":26},"end":{"line":147,"column":101}},"type":"binary-expr","locations":[{"start":{"line":147,"column":26},"end":{"line":147,"column":34}},{"start":{"line":147,"column":38},"end":{"line":147,"column":101}}],"line":147},"10":{"loc":{"start":{"line":152,"column":88},"end":{"line":152,"column":118}},"type":"binary-expr","locations":[{"start":{"line":152,"column":88},"end":{"line":152,"column":104}},{"start":{"line":152,"column":108},"end":{"line":152,"column":118}}],"line":152},"11":{"loc":{"start":{"line":152,"column":120},"end":{"line":152,"column":141}},"type":"binary-expr","locations":[{"start":{"line":152,"column":120},"end":{"line":152,"column":132}},{"start":{"line":152,"column":136},"end":{"line":152,"column":141}}],"line":152},"12":{"loc":{"start":{"line":157,"column":6},"end":{"line":160,"column":7}},"type":"if","locations":[{"start":{"line":157,"column":6},"end":{"line":160,"column":7}},{"start":{},"end":{}}],"line":157},"13":{"loc":{"start":{"line":212,"column":14},"end":{"line":212,"column":24}},"type":"default-arg","locations":[{"start":{"line":212,"column":22},"end":{"line":212,"column":24}}],"line":212},"14":{"loc":{"start":{"line":217,"column":6},"end":{"line":219,"column":7}},"type":"if","locations":[{"start":{"line":217,"column":6},"end":{"line":219,"column":7}},{"start":{},"end":{}}],"line":217},"15":{"loc":{"start":{"line":301,"column":14},"end":{"line":301,"column":23}},"type":"default-arg","locations":[{"start":{"line":301,"column":21},"end":{"line":301,"column":23}}],"line":301}},"s":{"0":0,"1":0,"2":0,"3":0,"4":0,"5":0,"6":0,"7":0,"8":0,"9":0,"10":0,"11":0,"12":0,"13":0,"14":0,"15":0,"16":0,"17":0,"18":0,"19":0,"20":0,"21":0,"22":0,"23":0,"24":0,"25":0,"26":0,"27":0,"28":0,"29":0,"30":0,"31":0,"32":0,"33":0,"34":0,"35":0,"36":0,"37":0,"38":0,"39":0,"40":0,"41":0,"42":0,"43":0,"44":0,"45":0,"46":0,"47":0,"48":0,"49":0,"50":0,"51":0,"52":0,"53":0,"54":0,"55":0,"56":0,"57":0,"58":0,"59":0,"60":0,"61":0,"62":0,"63":0,"64":0,"65":0,"66":0,"67":0,"68":0,"69":0,"70":0,"71":0,"72":0,"73":0,"74":0,"75":0,"76":0,"77":0,"78":0,"79":0,"80":0,"81":0,"82":0,"83":0,"84":0,"85":0,"86":0,"87":0,"88":0,"89":0,"90":0,"91":0,"92":0,"93":0,"94":0,"95":0,"96":0,"97":0,"98":0,"99":0,"100":0,"101":0,"102":0,"103":0,"104":0,"105":0,"106":0,"107":0,"108":0,"109":0,"110":0,"111":0,"112":0,"113":0,"114":0,"115":0,"116":0,"117":0,"118":0,"119":0,"120":0,"121":0,"122":0,"123":0,"124":0,"125":0,"126":0,"127":0},"f":{"0":0,"1":0,"2":0,"3":0,"4":0,"5":0,"6":0,"7":0,"8":0,"9":0,"10":0,"11":0,"12":0,"13":0,"14":0,"15":0,"16":0},"b":{"0":[0,0],"1":[0,0],"2":[0,0],"3":[0,0],"4":[0,0],"5":[0,0],"6":[0],"7":[0],"8":[0,0],"9":[0,0],"10":[0,0],"11":[0,0],"12":[0,0],"13":[0],"14":[0,0],"15":[0]}}
,"D:\\antigravity ide\\utm\\src\\database\\connection.js": {"path":"D:\\antigravity ide\\utm\\src\\database\\connection.js","statementMap":{"0":{"start":{"line":1,"column":13},"end":{"line":1,"column":28}},"1":{"start":{"line":2,"column":17},"end":{"line":2,"column":42}},"2":{"start":{"line":4,"column":15},"end":{"line":4,"column":60}},"3":{"start":{"line":5,"column":11},"end":{"line":5,"column":31}},"4":{"start":{"line":6,"column":0},"end":{"line":6,"column":31}},"5":{"start":{"line":7,"column":0},"end":{"line":7,"column":30}},"6":{"start":{"line":10,"column":2},"end":{"line":21,"column":79}},"7":{"start":{"line":25,"column":20},"end":{"line":25,"column":33}},"8":{"start":{"line":26,"column":18},"end":{"line":26,"column":48}},"9":{"start":{"line":28,"column":2},"end":{"line":32,"column":3}},"10":{"start":{"line":29,"column":17},"end":{"line":29,"column":38}},"11":{"start":{"line":30,"column":17},"end":{"line":30,"column":44}},"12":{"start":{"line":31,"column":4},"end":{"line":31,"column":59}},"13":{"start":{"line":34,"column":2},"end":{"line":42,"column":3}},"14":{"start":{"line":35,"column":17},"end":{"line":35,"column":38}},"15":{"start":{"line":36,"column":17},"end":{"line":36,"column":44}},"16":{"start":{"line":37,"column":4},"end":{"line":41,"column":6}},"17":{"start":{"line":44,"column":15},"end":{"line":44,"column":36}},"18":{"start":{"line":45,"column":15},"end":{"line":45,"column":42}},"19":{"start":{"line":46,"column":2},"end":{"line":46,"column":62}},"20":{"start":{"line":49,"column":0},"end":{"line":57,"column":1}},"21":{"start":{"line":51,"column":26},"end":{"line":51,"column":54}},"22":{"start":{"line":53,"column":23},"end":{"line":53,"column":33}}},"fnMap":{"0":{"name":"toSQLite","decl":{"start":{"line":9,"column":9},"end":{"line":9,"column":17}},"loc":{"start":{"line":9,"column":23},"end":{"line":22,"column":1}},"line":9},"1":{"name":"query","decl":{"start":{"line":24,"column":9},"end":{"line":24,"column":14}},"loc":{"start":{"line":24,"column":33},"end":{"line":47,"column":1}},"line":24},"2":{"name":"(anonymous_2)","decl":{"start":{"line":51,"column":13},"end":{"line":51,"column":14}},"loc":{"start":{"line":51,"column":26},"end":{"line":51,"column":54}},"line":51},"3":{"name":"(anonymous_3)","decl":{"start":{"line":51,"column":44},"end":{"line":51,"column":45}},"loc":{"start":{"line":51,"column":50},"end":{"line":51,"column":52}},"line":51},"4":{"name":"(anonymous_4)","decl":{"start":{"line":53,"column":9},"end":{"line":53,"column":10}},"loc":{"start":{"line":53,"column":21},"end":{"line":53,"column":35}},"line":53}},"branchMap":{"0":{"loc":{"start":{"line":24,"column":20},"end":{"line":24,"column":31}},"type":"default-arg","locations":[{"start":{"line":24,"column":29},"end":{"line":24,"column":31}}],"line":24},"1":{"loc":{"start":{"line":28,"column":2},"end":{"line":32,"column":3}},"type":"if","locations":[{"start":{"line":28,"column":2},"end":{"line":32,"column":3}},{"start":{},"end":{}}],"line":28},"2":{"loc":{"start":{"line":28,"column":6},"end":{"line":28,"column":64}},"type":"binary-expr","locations":[{"start":{"line":28,"column":6},"end":{"line":28,"column":34}},{"start":{"line":28,"column":38},"end":{"line":28,"column":64}}],"line":28},"3":{"loc":{"start":{"line":30,"column":30},"end":{"line":30,"column":42}},"type":"binary-expr","locations":[{"start":{"line":30,"column":30},"end":{"line":30,"column":36}},{"start":{"line":30,"column":40},"end":{"line":30,"column":42}}],"line":30},"4":{"loc":{"start":{"line":34,"column":2},"end":{"line":42,"column":3}},"type":"if","locations":[{"start":{"line":34,"column":2},"end":{"line":42,"column":3}},{"start":{},"end":{}}],"line":34},"5":{"loc":{"start":{"line":34,"column":6},"end":{"line":34,"column":98}},"type":"binary-expr","locations":[{"start":{"line":34,"column":6},"end":{"line":34,"column":34}},{"start":{"line":34,"column":38},"end":{"line":34,"column":66}},{"start":{"line":34,"column":70},"end":{"line":34,"column":98}}],"line":34},"6":{"loc":{"start":{"line":36,"column":30},"end":{"line":36,"column":42}},"type":"binary-expr","locations":[{"start":{"line":36,"column":30},"end":{"line":36,"column":36}},{"start":{"line":36,"column":40},"end":{"line":36,"column":42}}],"line":36},"7":{"loc":{"start":{"line":45,"column":28},"end":{"line":45,"column":40}},"type":"binary-expr","locations":[{"start":{"line":45,"column":28},"end":{"line":45,"column":34}},{"start":{"line":45,"column":38},"end":{"line":45,"column":40}}],"line":45}},"s":{"0":0,"1":0,"2":0,"3":0,"4":0,"5":0,"6":0,"7":0,"8":0,"9":0,"10":0,"11":0,"12":0,"13":0,"14":0,"15":0,"16":0,"17":0,"18":0,"19":0,"20":0,"21":0,"22":0},"f":{"0":0,"1":0,"2":0,"3":0,"4":0},"b":{"0":[0],"1":[0,0],"2":[0,0],"3":[0,0],"4":[0,0],"5":[0,0,0],"6":[0,0],"7":[0,0]}}
,"D:\\antigravity ide\\utm\\src\\database\\migrate.js": {"path":"D:\\antigravity ide\\utm\\src\\database\\migrate.js","statementMap":{"0":{"start":{"line":1,"column":23},"end":{"line":1,"column":49}},"1":{"start":{"line":2,"column":26},"end":{"line":2,"column":49}},"2":{"start":{"line":5,"column":2},"end":{"line":28,"column":3}},"3":{"start":{"line":6,"column":4},"end":{"line":6,"column":47}},"4":{"start":{"line":8,"column":23},"end":{"line":8,"column":78}},"5":{"start":{"line":8,"column":57},"end":{"line":8,"column":77}},"6":{"start":{"line":10,"column":16},"end":{"line":10,"column":17}},"7":{"start":{"line":11,"column":4},"end":{"line":16,"column":5}},"8":{"start":{"line":12,"column":6},"end":{"line":15,"column":7}},"9":{"start":{"line":13,"column":8},"end":{"line":13,"column":32}},"10":{"start":{"line":14,"column":8},"end":{"line":14,"column":15}},"11":{"start":{"line":18,"column":4},"end":{"line":18,"column":61}},"12":{"start":{"line":19,"column":4},"end":{"line":19,"column":57}},"13":{"start":{"line":21,"column":19},"end":{"line":21,"column":88}},"14":{"start":{"line":22,"column":4},"end":{"line":22,"column":72}},"15":{"start":{"line":22,"column":53},"end":{"line":22,"column":59}},"16":{"start":{"line":24,"column":4},"end":{"line":24,"column":14}},"17":{"start":{"line":26,"column":4},"end":{"line":26,"column":53}},"18":{"start":{"line":27,"column":4},"end":{"line":27,"column":19}},"19":{"start":{"line":31,"column":0},"end":{"line":31,"column":9}}},"fnMap":{"0":{"name":"migrate","decl":{"start":{"line":4,"column":15},"end":{"line":4,"column":22}},"loc":{"start":{"line":4,"column":25},"end":{"line":29,"column":1}},"line":4},"1":{"name":"(anonymous_1)","decl":{"start":{"line":8,"column":52},"end":{"line":8,"column":53}},"loc":{"start":{"line":8,"column":57},"end":{"line":8,"column":77}},"line":8},"2":{"name":"(anonymous_2)","decl":{"start":{"line":22,"column":48},"end":{"line":22,"column":49}},"loc":{"start":{"line":22,"column":53},"end":{"line":22,"column":59}},"line":22}},"branchMap":{"0":{"loc":{"start":{"line":12,"column":6},"end":{"line":15,"column":7}},"type":"if","locations":[{"start":{"line":12,"column":6},"end":{"line":15,"column":7}},{"start":{},"end":{}}],"line":12}},"s":{"0":0,"1":0,"2":0,"3":0,"4":0,"5":0,"6":0,"7":0,"8":0,"9":0,"10":0,"11":0,"12":0,"13":0,"14":0,"15":0,"16":0,"17":0,"18":0,"19":0},"f":{"0":0,"1":0,"2":0},"b":{"0":[0,0]}}
,"D:\\antigravity ide\\utm\\src\\database\\schema.js": {"path":"D:\\antigravity ide\\utm\\src\\database\\schema.js","statementMap":{"0":{"start":{"line":1,"column":19},"end":{"line":187,"column":1}},"1":{"start":{"line":189,"column":0},"end":{"line":189,"column":31}}},"fnMap":{},"branchMap":{},"s":{"0":0,"1":0},"f":{},"b":{}}
,"D:\\antigravity ide\\utm\\src\\database\\sqlite-schema.js": {"path":"D:\\antigravity ide\\utm\\src\\database\\sqlite-schema.js","statementMap":{"0":{"start":{"line":1,"column":22},"end":{"line":189,"column":1}},"1":{"start":{"line":191,"column":0},"end":{"line":191,"column":46}}},"fnMap":{},"branchMap":{},"s":{"0":0,"1":0},"f":{},"b":{}}
,"D:\\antigravity ide\\utm\\src\\database\\sqlite.js": {"path":"D:\\antigravity ide\\utm\\src\\database\\sqlite.js","statementMap":{"0":{"start":{"line":1,"column":17},"end":{"line":1,"column":42}},"1":{"start":{"line":2,"column":13},"end":{"line":2,"column":28}},"2":{"start":{"line":6,"column":4},"end":{"line":6,"column":34}},"3":{"start":{"line":7,"column":4},"end":{"line":7,"column":40}},"4":{"start":{"line":8,"column":4},"end":{"line":8,"column":39}},"5":{"start":{"line":12,"column":4},"end":{"line":12,"column":41}},"6":{"start":{"line":14,"column":20},"end":{"line":14,"column":44}},"7":{"start":{"line":17,"column":4},"end":{"line":33,"column":5}},"8":{"start":{"line":18,"column":19},"end":{"line":18,"column":39}},"9":{"start":{"line":19,"column":19},"end":{"line":19,"column":38}},"10":{"start":{"line":20,"column":6},"end":{"line":20,"column":46}},"11":{"start":{"line":21,"column":11},"end":{"line":33,"column":5}},"12":{"start":{"line":22,"column":19},"end":{"line":22,"column":39}},"13":{"start":{"line":23,"column":19},"end":{"line":23,"column":38}},"14":{"start":{"line":24,"column":6},"end":{"line":28,"column":7}},"15":{"start":{"line":30,"column":19},"end":{"line":30,"column":39}},"16":{"start":{"line":31,"column":19},"end":{"line":31,"column":38}},"17":{"start":{"line":32,"column":6},"end":{"line":32,"column":51}},"18":{"start":{"line":35,"column":4},"end":{"line":35,"column":17}},"19":{"start":{"line":39,"column":4},"end":{"line":42,"column":5}},"20":{"start":{"line":40,"column":37},"end":{"line":40,"column":61}},"21":{"start":{"line":46,"column":4},"end":{"line":46,"column":19}},"22":{"start":{"line":50,"column":4},"end":{"line":50,"column":19}},"23":{"start":{"line":54,"column":15},"end":{"line":54,"column":19}},"24":{"start":{"line":57,"column":2},"end":{"line":60,"column":3}},"25":{"start":{"line":58,"column":19},"end":{"line":58,"column":64}},"26":{"start":{"line":59,"column":4},"end":{"line":59,"column":40}},"27":{"start":{"line":61,"column":2},"end":{"line":61,"column":17}},"28":{"start":{"line":64,"column":0},"end":{"line":71,"column":1}},"29":{"start":{"line":65,"column":33},"end":{"line":65,"column":66}},"30":{"start":{"line":66,"column":25},"end":{"line":66,"column":50}},"31":{"start":{"line":68,"column":21},"end":{"line":68,"column":40}}},"fnMap":{"0":{"name":"(anonymous_0)","decl":{"start":{"line":5,"column":2},"end":{"line":5,"column":3}},"loc":{"start":{"line":5,"column":22},"end":{"line":9,"column":3}},"line":5},"1":{"name":"(anonymous_1)","decl":{"start":{"line":11,"column":2},"end":{"line":11,"column":3}},"loc":{"start":{"line":11,"column":32},"end":{"line":36,"column":3}},"line":11},"2":{"name":"(anonymous_2)","decl":{"start":{"line":38,"column":2},"end":{"line":38,"column":3}},"loc":{"start":{"line":38,"column":20},"end":{"line":43,"column":3}},"line":38},"3":{"name":"(anonymous_3)","decl":{"start":{"line":40,"column":13},"end":{"line":40,"column":14}},"loc":{"start":{"line":40,"column":37},"end":{"line":40,"column":61}},"line":40},"4":{"name":"(anonymous_4)","decl":{"start":{"line":41,"column":15},"end":{"line":41,"column":16}},"loc":{"start":{"line":41,"column":21},"end":{"line":41,"column":23}},"line":41},"5":{"name":"(anonymous_5)","decl":{"start":{"line":45,"column":2},"end":{"line":45,"column":3}},"loc":{"start":{"line":45,"column":14},"end":{"line":47,"column":3}},"line":45},"6":{"name":"(anonymous_6)","decl":{"start":{"line":49,"column":2},"end":{"line":49,"column":3}},"loc":{"start":{"line":49,"column":10},"end":{"line":51,"column":3}},"line":49},"7":{"name":"getInstance","decl":{"start":{"line":56,"column":9},"end":{"line":56,"column":20}},"loc":{"start":{"line":56,"column":23},"end":{"line":62,"column":1}},"line":56},"8":{"name":"(anonymous_8)","decl":{"start":{"line":65,"column":9},"end":{"line":65,"column":10}},"loc":{"start":{"line":65,"column":33},"end":{"line":65,"column":66}},"line":65},"9":{"name":"(anonymous_9)","decl":{"start":{"line":66,"column":13},"end":{"line":66,"column":14}},"loc":{"start":{"line":66,"column":25},"end":{"line":66,"column":50}},"line":66},"10":{"name":"(anonymous_10)","decl":{"start":{"line":68,"column":9},"end":{"line":68,"column":10}},"loc":{"start":{"line":68,"column":21},"end":{"line":68,"column":40}},"line":68}},"branchMap":{"0":{"loc":{"start":{"line":11,"column":19},"end":{"line":11,"column":30}},"type":"default-arg","locations":[{"start":{"line":11,"column":28},"end":{"line":11,"column":30}}],"line":11},"1":{"loc":{"start":{"line":17,"column":4},"end":{"line":33,"column":5}},"type":"if","locations":[{"start":{"line":17,"column":4},"end":{"line":33,"column":5}},{"start":{"line":21,"column":11},"end":{"line":33,"column":5}}],"line":17},"2":{"loc":{"start":{"line":17,"column":8},"end":{"line":17,"column":66}},"type":"binary-expr","locations":[{"start":{"line":17,"column":8},"end":{"line":17,"column":36}},{"start":{"line":17,"column":40},"end":{"line":17,"column":66}}],"line":17},"3":{"loc":{"start":{"line":21,"column":11},"end":{"line":33,"column":5}},"type":"if","locations":[{"start":{"line":21,"column":11},"end":{"line":33,"column":5}},{"start":{"line":29,"column":11},"end":{"line":33,"column":5}}],"line":21},"4":{"loc":{"start":{"line":21,"column":15},"end":{"line":21,"column":107}},"type":"binary-expr","locations":[{"start":{"line":21,"column":15},"end":{"line":21,"column":43}},{"start":{"line":21,"column":47},"end":{"line":21,"column":75}},{"start":{"line":21,"column":79},"end":{"line":21,"column":107}}],"line":21},"5":{"loc":{"start":{"line":57,"column":2},"end":{"line":60,"column":3}},"type":"if","locations":[{"start":{"line":57,"column":2},"end":{"line":60,"column":3}},{"start":{},"end":{}}],"line":57}},"s":{"0":0,"1":0,"2":0,"3":0,"4":0,"5":0,"6":0,"7":0,"8":0,"9":0,"10":0,"11":0,"12":0,"13":0,"14":0,"15":0,"16":0,"17":0,"18":0,"19":0,"20":0,"21":0,"22":0,"23":0,"24":0,"25":0,"26":0,"27":0,"28":0,"29":0,"30":0,"31":0},"f":{"0":0,"1":0,"2":0,"3":0,"4":0,"5":0,"6":0,"7":0,"8":0,"9":0,"10":0},"b":{"0":[0],"1":[0,0],"2":[0,0],"3":[0,0],"4":[0,0,0],"5":[0,0]}}
,"D:\\antigravity ide\\utm\\src\\frontend\\scripts\\app.js": {"path":"D:\\antigravity ide\\utm\\src\\frontend\\scripts\\app.js","statementMap":{"0":{"start":{"line":1,"column":17},"end":{"line":1,"column":23}},"1":{"start":{"line":3,"column":14},"end":{"line":8,"column":1}},"2":{"start":{"line":10,"column":18},"end":{"line":25,"column":1}},"3":{"start":{"line":28,"column":2},"end":{"line":31,"column":3}},"4":{"start":{"line":29,"column":4},"end":{"line":29,"column":50}},"5":{"start":{"line":30,"column":4},"end":{"line":30,"column":15}},"6":{"start":{"line":33,"column":2},"end":{"line":46,"column":3}},"7":{"start":{"line":34,"column":16},"end":{"line":41,"column":6}},"8":{"start":{"line":42,"column":4},"end":{"line":42,"column":21}},"9":{"start":{"line":44,"column":4},"end":{"line":44,"column":38}},"10":{"start":{"line":45,"column":4},"end":{"line":45,"column":15}},"11":{"start":{"line":50,"column":2},"end":{"line":50,"column":90}},"12":{"start":{"line":50,"column":59},"end":{"line":50,"column":89}},"13":{"start":{"line":51,"column":2},"end":{"line":51,"column":87}},"14":{"start":{"line":51,"column":56},"end":{"line":51,"column":86}},"15":{"start":{"line":53,"column":20},"end":{"line":53,"column":60}},"16":{"start":{"line":54,"column":2},"end":{"line":54,"column":50}},"17":{"start":{"line":54,"column":17},"end":{"line":54,"column":50}},"18":{"start":{"line":56,"column":19},"end":{"line":56,"column":57}},"19":{"start":{"line":57,"column":17},"end":{"line":57,"column":80}},"20":{"start":{"line":58,"column":2},"end":{"line":58,"column":82}},"21":{"start":{"line":58,"column":33},"end":{"line":58,"column":82}},"22":{"start":{"line":60,"column":2},"end":{"line":60,"column":28}},"23":{"start":{"line":64,"column":2},"end":{"line":64,"column":64}},"24":{"start":{"line":68,"column":2},"end":{"line":68,"column":63}},"25":{"start":{"line":72,"column":2},"end":{"line":72,"column":63}},"26":{"start":{"line":76,"column":2},"end":{"line":76,"column":61}},"27":{"start":{"line":80,"column":2},"end":{"line":80,"column":59}},"28":{"start":{"line":84,"column":15},"end":{"line":84,"column":37}},"29":{"start":{"line":85,"column":2},"end":{"line":89,"column":3}},"30":{"start":{"line":86,"column":4},"end":{"line":86,"column":28}},"31":{"start":{"line":88,"column":4},"end":{"line":88,"column":43}},"32":{"start":{"line":93,"column":2},"end":{"line":93,"column":40}},"33":{"start":{"line":97,"column":19},"end":{"line":97,"column":60}},"34":{"start":{"line":98,"column":2},"end":{"line":98,"column":23}},"35":{"start":{"line":98,"column":17},"end":{"line":98,"column":23}},"36":{"start":{"line":100,"column":15},"end":{"line":100,"column":50}},"37":{"start":{"line":101,"column":2},"end":{"line":101,"column":25}},"38":{"start":{"line":103,"column":2},"end":{"line":109,"column":3}},"39":{"start":{"line":103,"column":15},"end":{"line":103,"column":17}},"40":{"start":{"line":104,"column":18},"end":{"line":104,"column":47}},"41":{"start":{"line":105,"column":4},"end":{"line":105,"column":34}},"42":{"start":{"line":106,"column":4},"end":{"line":106,"column":46}},"43":{"start":{"line":106,"column":17},"end":{"line":106,"column":46}},"44":{"start":{"line":107,"column":4},"end":{"line":107,"column":63}},"45":{"start":{"line":108,"column":4},"end":{"line":108,"column":31}},"46":{"start":{"line":113,"column":2},"end":{"line":113,"column":24}},"47":{"start":{"line":115,"column":2},"end":{"line":126,"column":4}},"48":{"start":{"line":116,"column":4},"end":{"line":116,"column":22}},"49":{"start":{"line":117,"column":21},"end":{"line":117,"column":43}},"50":{"start":{"line":118,"column":17},"end":{"line":121,"column":6}},"51":{"start":{"line":122,"column":4},"end":{"line":125,"column":5}},"52":{"start":{"line":123,"column":6},"end":{"line":123,"column":32}},"53":{"start":{"line":124,"column":6},"end":{"line":124,"column":28}},"54":{"start":{"line":128,"column":2},"end":{"line":139,"column":4}},"55":{"start":{"line":129,"column":4},"end":{"line":129,"column":22}},"56":{"start":{"line":130,"column":21},"end":{"line":130,"column":68}},"57":{"start":{"line":131,"column":17},"end":{"line":134,"column":6}},"58":{"start":{"line":135,"column":4},"end":{"line":138,"column":5}},"59":{"start":{"line":136,"column":6},"end":{"line":136,"column":32}},"60":{"start":{"line":137,"column":6},"end":{"line":137,"column":40}},"61":{"start":{"line":141,"column":2},"end":{"line":141,"column":24}},"62":{"start":{"line":142,"column":2},"end":{"line":142,"column":17}},"63":{"start":{"line":146,"column":2},"end":{"line":150,"column":4}},"64":{"start":{"line":147,"column":4},"end":{"line":149,"column":6}},"65":{"start":{"line":148,"column":6},"end":{"line":148,"column":60}},"66":{"start":{"line":148,"column":30},"end":{"line":148,"column":60}},"67":{"start":{"line":154,"column":2},"end":{"line":161,"column":3}},"68":{"start":{"line":155,"column":19},"end":{"line":155,"column":23}},"69":{"start":{"line":156,"column":4},"end":{"line":156,"column":49}},"70":{"start":{"line":158,"column":4},"end":{"line":160,"column":6}},"71":{"start":{"line":159,"column":6},"end":{"line":159,"column":26}},"72":{"start":{"line":165,"column":16},"end":{"line":165,"column":45}},"73":{"start":{"line":166,"column":2},"end":{"line":179,"column":3}},"74":{"start":{"line":180,"column":2},"end":{"line":183,"column":3}},"75":{"start":{"line":185,"column":2},"end":{"line":185,"column":34}},"76":{"start":{"line":187,"column":2},"end":{"line":191,"column":10}},"77":{"start":{"line":188,"column":4},"end":{"line":188,"column":29}},"78":{"start":{"line":189,"column":4},"end":{"line":189,"column":43}},"79":{"start":{"line":190,"column":4},"end":{"line":190,"column":41}},"80":{"start":{"line":190,"column":21},"end":{"line":190,"column":35}},"81":{"start":{"line":194,"column":0},"end":{"line":197,"column":2}},"82":{"start":{"line":195,"column":2},"end":{"line":195,"column":17}},"83":{"start":{"line":196,"column":2},"end":{"line":196,"column":30}}},"fnMap":{"0":{"name":"api","decl":{"start":{"line":27,"column":15},"end":{"line":27,"column":18}},"loc":{"start":{"line":27,"column":43},"end":{"line":47,"column":1}},"line":27},"1":{"name":"showTab","decl":{"start":{"line":49,"column":9},"end":{"line":49,"column":16}},"loc":{"start":{"line":49,"column":26},"end":{"line":61,"column":1}},"line":49},"2":{"name":"(anonymous_2)","decl":{"start":{"line":50,"column":52},"end":{"line":50,"column":53}},"loc":{"start":{"line":50,"column":59},"end":{"line":50,"column":89}},"line":50},"3":{"name":"(anonymous_3)","decl":{"start":{"line":51,"column":49},"end":{"line":51,"column":50}},"loc":{"start":{"line":51,"column":56},"end":{"line":51,"column":86}},"line":51},"4":{"name":"toggleNudgePanel","decl":{"start":{"line":63,"column":9},"end":{"line":63,"column":25}},"loc":{"start":{"line":63,"column":28},"end":{"line":65,"column":1}},"line":63},"5":{"name":"openNewGoalModal","decl":{"start":{"line":67,"column":9},"end":{"line":67,"column":25}},"loc":{"start":{"line":67,"column":28},"end":{"line":69,"column":1}},"line":67},"6":{"name":"openNewRuleModal","decl":{"start":{"line":71,"column":9},"end":{"line":71,"column":25}},"loc":{"start":{"line":71,"column":28},"end":{"line":73,"column":1}},"line":71},"7":{"name":"openNewGroupModal","decl":{"start":{"line":75,"column":9},"end":{"line":75,"column":26}},"loc":{"start":{"line":75,"column":29},"end":{"line":77,"column":1}},"line":75},"8":{"name":"closeModal","decl":{"start":{"line":79,"column":9},"end":{"line":79,"column":19}},"loc":{"start":{"line":79,"column":29},"end":{"line":81,"column":1}},"line":79},"9":{"name":"refreshInsights","decl":{"start":{"line":83,"column":15},"end":{"line":83,"column":30}},"loc":{"start":{"line":83,"column":33},"end":{"line":90,"column":1}},"line":83},"10":{"name":"updateInsightsView","decl":{"start":{"line":92,"column":9},"end":{"line":92,"column":27}},"loc":{"start":{"line":92,"column":34},"end":{"line":94,"column":1}},"line":92},"11":{"name":"renderStreakCalendar","decl":{"start":{"line":96,"column":9},"end":{"line":96,"column":29}},"loc":{"start":{"line":96,"column":32},"end":{"line":110,"column":1}},"line":96},"12":{"name":"initDashboard","decl":{"start":{"line":112,"column":9},"end":{"line":112,"column":22}},"loc":{"start":{"line":112,"column":25},"end":{"line":143,"column":1}},"line":112},"13":{"name":"(anonymous_13)","decl":{"start":{"line":115,"column":69},"end":{"line":115,"column":70}},"loc":{"start":{"line":115,"column":82},"end":{"line":126,"column":3}},"line":115},"14":{"name":"(anonymous_14)","decl":{"start":{"line":128,"column":69},"end":{"line":128,"column":70}},"loc":{"start":{"line":128,"column":82},"end":{"line":139,"column":3}},"line":128},"15":{"name":"closeModalsOnOutside","decl":{"start":{"line":145,"column":9},"end":{"line":145,"column":29}},"loc":{"start":{"line":145,"column":32},"end":{"line":151,"column":1}},"line":145},"16":{"name":"(anonymous_16)","decl":{"start":{"line":146,"column":46},"end":{"line":146,"column":47}},"loc":{"start":{"line":146,"column":55},"end":{"line":150,"column":3}},"line":146},"17":{"name":"(anonymous_17)","decl":{"start":{"line":147,"column":36},"end":{"line":147,"column":37}},"loc":{"start":{"line":147,"column":43},"end":{"line":149,"column":5}},"line":147},"18":{"name":"setupRealtime","decl":{"start":{"line":153,"column":9},"end":{"line":153,"column":22}},"loc":{"start":{"line":153,"column":25},"end":{"line":162,"column":1}},"line":153},"19":{"name":"(anonymous_19)","decl":{"start":{"line":158,"column":23},"end":{"line":158,"column":24}},"loc":{"start":{"line":158,"column":33},"end":{"line":160,"column":5}},"line":158},"20":{"name":"showNudgeToast","decl":{"start":{"line":164,"column":9},"end":{"line":164,"column":23}},"loc":{"start":{"line":164,"column":30},"end":{"line":192,"column":1}},"line":164},"21":{"name":"(anonymous_21)","decl":{"start":{"line":187,"column":13},"end":{"line":187,"column":14}},"loc":{"start":{"line":187,"column":19},"end":{"line":191,"column":3}},"line":187},"22":{"name":"(anonymous_22)","decl":{"start":{"line":190,"column":15},"end":{"line":190,"column":16}},"loc":{"start":{"line":190,"column":21},"end":{"line":190,"column":35}},"line":190},"23":{"name":"(anonymous_23)","decl":{"start":{"line":194,"column":46},"end":{"line":194,"column":47}},"loc":{"start":{"line":194,"column":52},"end":{"line":197,"column":1}},"line":194}},"branchMap":{"0":{"loc":{"start":{"line":7,"column":9},"end":{"line":7,"column":53}},"type":"binary-expr","locations":[{"start":{"line":7,"column":9},"end":{"line":7,"column":45}},{"start":{"line":7,"column":49},"end":{"line":7,"column":53}}],"line":7},"1":{"loc":{"start":{"line":27,"column":29},"end":{"line":27,"column":41}},"type":"default-arg","locations":[{"start":{"line":27,"column":39},"end":{"line":27,"column":41}}],"line":27},"2":{"loc":{"start":{"line":28,"column":2},"end":{"line":31,"column":3}},"type":"if","locations":[{"start":{"line":28,"column":2},"end":{"line":31,"column":3}},{"start":{},"end":{}}],"line":28},"3":{"loc":{"start":{"line":54,"column":2},"end":{"line":54,"column":50}},"type":"if","locations":[{"start":{"line":54,"column":2},"end":{"line":54,"column":50}},{"start":{},"end":{}}],"line":54},"4":{"loc":{"start":{"line":58,"column":2},"end":{"line":58,"column":82}},"type":"if","locations":[{"start":{"line":58,"column":2},"end":{"line":58,"column":82}},{"start":{},"end":{}}],"line":58},"5":{"loc":{"start":{"line":85,"column":2},"end":{"line":89,"column":3}},"type":"if","locations":[{"start":{"line":85,"column":2},"end":{"line":89,"column":3}},{"start":{"line":87,"column":9},"end":{"line":89,"column":3}}],"line":85},"6":{"loc":{"start":{"line":98,"column":2},"end":{"line":98,"column":23}},"type":"if","locations":[{"start":{"line":98,"column":2},"end":{"line":98,"column":23}},{"start":{},"end":{}}],"line":98},"7":{"loc":{"start":{"line":106,"column":4},"end":{"line":106,"column":46}},"type":"if","locations":[{"start":{"line":106,"column":4},"end":{"line":106,"column":46}},{"start":{},"end":{}}],"line":106},"8":{"loc":{"start":{"line":122,"column":4},"end":{"line":125,"column":5}},"type":"if","locations":[{"start":{"line":122,"column":4},"end":{"line":125,"column":5}},{"start":{},"end":{}}],"line":122},"9":{"loc":{"start":{"line":135,"column":4},"end":{"line":138,"column":5}},"type":"if","locations":[{"start":{"line":135,"column":4},"end":{"line":138,"column":5}},{"start":{},"end":{}}],"line":135},"10":{"loc":{"start":{"line":148,"column":6},"end":{"line":148,"column":60}},"type":"if","locations":[{"start":{"line":148,"column":6},"end":{"line":148,"column":60}},{"start":{},"end":{}}],"line":148},"11":{"loc":{"start":{"line":154,"column":2},"end":{"line":161,"column":3}},"type":"if","locations":[{"start":{"line":154,"column":2},"end":{"line":161,"column":3}},{"start":{},"end":{}}],"line":154},"12":{"loc":{"start":{"line":154,"column":6},"end":{"line":154,"column":46}},"type":"binary-expr","locations":[{"start":{"line":154,"column":6},"end":{"line":154,"column":31}},{"start":{"line":154,"column":35},"end":{"line":154,"column":46}}],"line":154},"13":{"loc":{"start":{"line":156,"column":24},"end":{"line":156,"column":48}},"type":"binary-expr","locations":[{"start":{"line":156,"column":24},"end":{"line":156,"column":38}},{"start":{"line":156,"column":42},"end":{"line":156,"column":48}}],"line":156},"14":{"loc":{"start":{"line":181,"column":72},"end":{"line":181,"column":98}},"type":"binary-expr","locations":[{"start":{"line":181,"column":72},"end":{"line":181,"column":83}},{"start":{"line":181,"column":87},"end":{"line":181,"column":98}}],"line":181},"15":{"loc":{"start":{"line":182,"column":64},"end":{"line":182,"column":83}},"type":"binary-expr","locations":[{"start":{"line":182,"column":64},"end":{"line":182,"column":77}},{"start":{"line":182,"column":81},"end":{"line":182,"column":83}}],"line":182}},"s":{"0":0,"1":0,"2":0,"3":0,"4":0,"5":0,"6":0,"7":0,"8":0,"9":0,"10":0,"11":0,"12":0,"13":0,"14":0,"15":0,"16":0,"17":0,"18":0,"19":0,"20":0,"21":0,"22":0,"23":0,"24":0,"25":0,"26":0,"27":0,"28":0,"29":0,"30":0,"31":0,"32":0,"33":0,"34":0,"35":0,"36":0,"37":0,"38":0,"39":0,"40":0,"41":0,"42":0,"43":0,"44":0,"45":0,"46":0,"47":0,"48":0,"49":0,"50":0,"51":0,"52":0,"53":0,"54":0,"55":0,"56":0,"57":0,"58":0,"59":0,"60":0,"61":0,"62":0,"63":0,"64":0,"65":0,"66":0,"67":0,"68":0,"69":0,"70":0,"71":0,"72":0,"73":0,"74":0,"75":0,"76":0,"77":0,"78":0,"79":0,"80":0,"81":0,"82":0,"83":0},"f":{"0":0,"1":0,"2":0,"3":0,"4":0,"5":0,"6":0,"7":0,"8":0,"9":0,"10":0,"11":0,"12":0,"13":0,"14":0,"15":0,"16":0,"17":0,"18":0,"19":0,"20":0,"21":0,"22":0,"23":0},"b":{"0":[0,0],"1":[0],"2":[0,0],"3":[0,0],"4":[0,0],"5":[0,0],"6":[0,0],"7":[0,0],"8":[0,0],"9":[0,0],"10":[0,0],"11":[0,0],"12":[0,0],"13":[0,0],"14":[0,0],"15":[0,0]}}
,"D:\\antigravity ide\\utm\\src\\middleware\\auth.js": {"path":"D:\\antigravity ide\\utm\\src\\middleware\\auth.js","statementMap":{"0":{"start":{"line":1,"column":12},"end":{"line":1,"column":35}},"1":{"start":{"line":2,"column":15},"end":{"line":2,"column":35}},"2":{"start":{"line":5,"column":21},"end":{"line":5,"column":46}},"3":{"start":{"line":7,"column":2},"end":{"line":9,"column":3}},"4":{"start":{"line":8,"column":4},"end":{"line":8,"column":69}},"5":{"start":{"line":11,"column":16},"end":{"line":11,"column":40}},"6":{"start":{"line":13,"column":2},"end":{"line":19,"column":3}},"7":{"start":{"line":14,"column":20},"end":{"line":14,"column":56}},"8":{"start":{"line":15,"column":4},"end":{"line":15,"column":22}},"9":{"start":{"line":16,"column":4},"end":{"line":16,"column":10}},"10":{"start":{"line":18,"column":4},"end":{"line":18,"column":70}},"11":{"start":{"line":23,"column":21},"end":{"line":23,"column":46}},"12":{"start":{"line":25,"column":2},"end":{"line":32,"column":3}},"13":{"start":{"line":26,"column":4},"end":{"line":31,"column":5}},"14":{"start":{"line":27,"column":20},"end":{"line":27,"column":44}},"15":{"start":{"line":28,"column":22},"end":{"line":28,"column":58}},"16":{"start":{"line":29,"column":6},"end":{"line":29,"column":24}},"17":{"start":{"line":34,"column":2},"end":{"line":34,"column":8}},"18":{"start":{"line":37,"column":0},"end":{"line":37,"column":47}}},"fnMap":{"0":{"name":"authenticate","decl":{"start":{"line":4,"column":9},"end":{"line":4,"column":21}},"loc":{"start":{"line":4,"column":38},"end":{"line":20,"column":1}},"line":4},"1":{"name":"optionalAuth","decl":{"start":{"line":22,"column":9},"end":{"line":22,"column":21}},"loc":{"start":{"line":22,"column":38},"end":{"line":35,"column":1}},"line":22}},"branchMap":{"0":{"loc":{"start":{"line":7,"column":2},"end":{"line":9,"column":3}},"type":"if","locations":[{"start":{"line":7,"column":2},"end":{"line":9,"column":3}},{"start":{},"end":{}}],"line":7},"1":{"loc":{"start":{"line":7,"column":6},"end":{"line":7,"column":54}},"type":"binary-expr","locations":[{"start":{"line":7,"column":6},"end":{"line":7,"column":17}},{"start":{"line":7,"column":21},"end":{"line":7,"column":54}}],"line":7},"2":{"loc":{"start":{"line":25,"column":2},"end":{"line":32,"column":3}},"type":"if","locations":[{"start":{"line":25,"column":2},"end":{"line":32,"column":3}},{"start":{},"end":{}}],"line":25},"3":{"loc":{"start":{"line":25,"column":6},"end":{"line":25,"column":52}},"type":"binary-expr","locations":[{"start":{"line":25,"column":6},"end":{"line":25,"column":16}},{"start":{"line":25,"column":20},"end":{"line":25,"column":52}}],"line":25}},"s":{"0":0,"1":0,"2":0,"3":0,"4":0,"5":0,"6":0,"7":0,"8":0,"9":0,"10":0,"11":0,"12":0,"13":0,"14":0,"15":0,"16":0,"17":0,"18":0},"f":{"0":0,"1":0},"b":{"0":[0,0],"1":[0,0],"2":[0,0],"3":[0,0]}}
,"D:\\antigravity ide\\utm\\src\\routes\\api.js": {"path":"D:\\antigravity ide\\utm\\src\\routes\\api.js","statementMap":{"0":{"start":{"line":1,"column":16},"end":{"line":1,"column":34}},"1":{"start":{"line":2,"column":15},"end":{"line":2,"column":31}},"2":{"start":{"line":3,"column":28},"end":{"line":3,"column":73}},"3":{"start":{"line":4,"column":25},"end":{"line":4,"column":54}},"4":{"start":{"line":6,"column":0},"end":{"line":6,"column":24}},"5":{"start":{"line":8,"column":0},"end":{"line":8,"column":58}},"6":{"start":{"line":9,"column":0},"end":{"line":9,"column":58}},"7":{"start":{"line":10,"column":0},"end":{"line":10,"column":50}},"8":{"start":{"line":11,"column":0},"end":{"line":11,"column":53}},"9":{"start":{"line":13,"column":0},"end":{"line":13,"column":64}},"10":{"start":{"line":14,"column":0},"end":{"line":14,"column":64}},"11":{"start":{"line":16,"column":0},"end":{"line":16,"column":67}},"12":{"start":{"line":17,"column":0},"end":{"line":17,"column":70}},"13":{"start":{"line":18,"column":0},"end":{"line":18,"column":79}},"14":{"start":{"line":20,"column":0},"end":{"line":20,"column":52}},"15":{"start":{"line":21,"column":0},"end":{"line":21,"column":68}},"16":{"start":{"line":23,"column":0},"end":{"line":23,"column":71}},"17":{"start":{"line":24,"column":0},"end":{"line":24,"column":62}},"18":{"start":{"line":25,"column":0},"end":{"line":25,"column":74}},"19":{"start":{"line":26,"column":0},"end":{"line":26,"column":79}},"20":{"start":{"line":27,"column":0},"end":{"line":27,"column":83}},"21":{"start":{"line":29,"column":0},"end":{"line":29,"column":74}},"22":{"start":{"line":31,"column":0},"end":{"line":31,"column":23}}},"fnMap":{},"branchMap":{},"s":{"0":0,"1":0,"2":0,"3":0,"4":0,"5":0,"6":0,"7":0,"8":0,"9":0,"10":0,"11":0,"12":0,"13":0,"14":0,"15":0,"16":0,"17":0,"18":0,"19":0,"20":0,"21":0,"22":0},"f":{},"b":{}}
,"D:\\antigravity ide\\utm\\src\\services\\AIEngine.js": {"path":"D:\\antigravity ide\\utm\\src\\services\\AIEngine.js","statementMap":{"0":{"start":{"line":1,"column":11},"end":{"line":1,"column":44}},"1":{"start":{"line":2,"column":15},"end":{"line":2,"column":35}},"2":{"start":{"line":3,"column":20},"end":{"line":3,"column":44}},"3":{"start":{"line":7,"column":4},"end":{"line":15,"column":5}},"4":{"start":{"line":19,"column":4},"end":{"line":19,"column":57}},"5":{"start":{"line":19,"column":30},"end":{"line":19,"column":57}},"6":{"start":{"line":21,"column":21},"end":{"line":21,"column":62}},"7":{"start":{"line":22,"column":24},"end":{"line":22,"column":68}},"8":{"start":{"line":23,"column":21},"end":{"line":23,"column":49}},"9":{"start":{"line":25,"column":4},"end":{"line":29,"column":5}},"10":{"start":{"line":26,"column":6},"end":{"line":28,"column":7}},"11":{"start":{"line":26,"column":37},"end":{"line":26,"column":58}},"12":{"start":{"line":27,"column":8},"end":{"line":27,"column":23}},"13":{"start":{"line":31,"column":4},"end":{"line":31,"column":18}},"14":{"start":{"line":35,"column":18},"end":{"line":35,"column":28}},"15":{"start":{"line":36,"column":4},"end":{"line":36,"column":41}},"16":{"start":{"line":38,"column":25},"end":{"line":43,"column":5}},"17":{"start":{"line":45,"column":21},"end":{"line":57,"column":5}},"18":{"start":{"line":59,"column":4},"end":{"line":73,"column":5}},"19":{"start":{"line":60,"column":6},"end":{"line":60,"column":51}},"20":{"start":{"line":62,"column":6},"end":{"line":64,"column":7}},"21":{"start":{"line":63,"column":8},"end":{"line":63,"column":81}},"22":{"start":{"line":65,"column":6},"end":{"line":65,"column":78}},"23":{"start":{"line":66,"column":6},"end":{"line":66,"column":54}},"24":{"start":{"line":68,"column":6},"end":{"line":70,"column":7}},"25":{"start":{"line":69,"column":8},"end":{"line":69,"column":97}},"26":{"start":{"line":71,"column":6},"end":{"line":71,"column":78}},"27":{"start":{"line":72,"column":6},"end":{"line":72,"column":54}},"28":{"start":{"line":75,"column":21},"end":{"line":75,"column":30}},"29":{"start":{"line":76,"column":4},"end":{"line":76,"column":58}},"30":{"start":{"line":77,"column":4},"end":{"line":77,"column":54}},"31":{"start":{"line":78,"column":4},"end":{"line":78,"column":56}},"32":{"start":{"line":80,"column":4},"end":{"line":83,"column":57}},"33":{"start":{"line":81,"column":22},"end":{"line":81,"column":45}},"34":{"start":{"line":83,"column":34},"end":{"line":83,"column":55}},"35":{"start":{"line":85,"column":4},"end":{"line":88,"column":5}},"36":{"start":{"line":86,"column":6},"end":{"line":86,"column":53}},"37":{"start":{"line":87,"column":6},"end":{"line":87,"column":77}},"38":{"start":{"line":90,"column":4},"end":{"line":90,"column":78}},"39":{"start":{"line":90,"column":63},"end":{"line":90,"column":77}},"40":{"start":{"line":92,"column":4},"end":{"line":92,"column":87}},"41":{"start":{"line":94,"column":4},"end":{"line":94,"column":77}},"42":{"start":{"line":96,"column":4},"end":{"line":96,"column":72}},"43":{"start":{"line":98,"column":4},"end":{"line":98,"column":19}},"44":{"start":{"line":102,"column":22},"end":{"line":102,"column":24}},"45":{"start":{"line":103,"column":22},"end":{"line":103,"column":40}},"46":{"start":{"line":105,"column":4},"end":{"line":115,"column":5}},"47":{"start":{"line":106,"column":6},"end":{"line":114,"column":7}},"48":{"start":{"line":107,"column":8},"end":{"line":113,"column":10}},"49":{"start":{"line":117,"column":4},"end":{"line":117,"column":20}},"50":{"start":{"line":121,"column":4},"end":{"line":121,"column":60}},"51":{"start":{"line":121,"column":34},"end":{"line":121,"column":60}},"52":{"start":{"line":123,"column":21},"end":{"line":123,"column":45}},"53":{"start":{"line":124,"column":20},"end":{"line":124,"column":21}},"54":{"start":{"line":125,"column":21},"end":{"line":125,"column":22}},"55":{"start":{"line":127,"column":4},"end":{"line":134,"column":5}},"56":{"start":{"line":128,"column":21},"end":{"line":128,"column":90}},"57":{"start":{"line":129,"column":6},"end":{"line":133,"column":7}},"58":{"start":{"line":130,"column":8},"end":{"line":130,"column":44}},"59":{"start":{"line":132,"column":8},"end":{"line":132,"column":43}},"60":{"start":{"line":136,"column":4},"end":{"line":136,"column":40}},"61":{"start":{"line":136,"column":25},"end":{"line":136,"column":40}},"62":{"start":{"line":138,"column":19},"end":{"line":138,"column":63}},"63":{"start":{"line":140,"column":4},"end":{"line":140,"column":40}},"64":{"start":{"line":140,"column":21},"end":{"line":140,"column":40}},"65":{"start":{"line":141,"column":4},"end":{"line":141,"column":41}},"66":{"start":{"line":141,"column":22},"end":{"line":141,"column":41}},"67":{"start":{"line":142,"column":4},"end":{"line":142,"column":19}},"68":{"start":{"line":146,"column":20},"end":{"line":146,"column":21}},"69":{"start":{"line":148,"column":21},"end":{"line":148,"column":55}},"70":{"start":{"line":149,"column":4},"end":{"line":151,"column":5}},"71":{"start":{"line":150,"column":6},"end":{"line":150,"column":40}},"72":{"start":{"line":153,"column":26},"end":{"line":153,"column":65}},"73":{"start":{"line":154,"column":4},"end":{"line":156,"column":5}},"74":{"start":{"line":155,"column":6},"end":{"line":155,"column":45}},"75":{"start":{"line":158,"column":30},"end":{"line":158,"column":73}},"76":{"start":{"line":159,"column":4},"end":{"line":161,"column":5}},"77":{"start":{"line":160,"column":6},"end":{"line":160,"column":49}},"78":{"start":{"line":163,"column":25},"end":{"line":163,"column":63}},"79":{"start":{"line":164,"column":4},"end":{"line":166,"column":5}},"80":{"start":{"line":165,"column":6},"end":{"line":165,"column":44}},"81":{"start":{"line":168,"column":4},"end":{"line":168,"column":43}},"82":{"start":{"line":172,"column":21},"end":{"line":172,"column":63}},"83":{"start":{"line":173,"column":17},"end":{"line":173,"column":78}},"84":{"start":{"line":174,"column":18},"end":{"line":174,"column":105}},"85":{"start":{"line":175,"column":19},"end":{"line":175,"column":95}},"86":{"start":{"line":177,"column":4},"end":{"line":177,"column":38}},"87":{"start":{"line":177,"column":27},"end":{"line":177,"column":38}},"88":{"start":{"line":179,"column":21},"end":{"line":179,"column":33}},"89":{"start":{"line":180,"column":24},"end":{"line":182,"column":9}},"90":{"start":{"line":184,"column":21},"end":{"line":193,"column":5}},"91":{"start":{"line":195,"column":4},"end":{"line":201,"column":5}},"92":{"start":{"line":203,"column":23},"end":{"line":203,"column":74}},"93":{"start":{"line":204,"column":25},"end":{"line":204,"column":62}},"94":{"start":{"line":206,"column":4},"end":{"line":212,"column":5}},"95":{"start":{"line":214,"column":4},"end":{"line":214,"column":19}},"96":{"start":{"line":218,"column":18},"end":{"line":218,"column":20}},"97":{"start":{"line":220,"column":4},"end":{"line":226,"column":5}},"98":{"start":{"line":221,"column":6},"end":{"line":221,"column":98}},"99":{"start":{"line":222,"column":11},"end":{"line":226,"column":5}},"100":{"start":{"line":223,"column":6},"end":{"line":223,"column":113}},"101":{"start":{"line":225,"column":6},"end":{"line":225,"column":97}},"102":{"start":{"line":228,"column":24},"end":{"line":229,"column":49}},"103":{"start":{"line":229,"column":22},"end":{"line":229,"column":45}},"104":{"start":{"line":231,"column":4},"end":{"line":233,"column":5}},"105":{"start":{"line":232,"column":6},"end":{"line":232,"column":151}},"106":{"start":{"line":235,"column":4},"end":{"line":237,"column":5}},"107":{"start":{"line":236,"column":6},"end":{"line":236,"column":154}},"108":{"start":{"line":239,"column":4},"end":{"line":239,"column":26}},"109":{"start":{"line":243,"column":17},"end":{"line":243,"column":19}},"110":{"start":{"line":244,"column":26},"end":{"line":244,"column":53}},"111":{"start":{"line":246,"column":4},"end":{"line":253,"column":5}},"112":{"start":{"line":247,"column":6},"end":{"line":252,"column":8}},"113":{"start":{"line":255,"column":21},"end":{"line":255,"column":55}},"114":{"start":{"line":256,"column":4},"end":{"line":263,"column":5}},"115":{"start":{"line":257,"column":6},"end":{"line":262,"column":8}},"116":{"start":{"line":265,"column":4},"end":{"line":272,"column":5}},"117":{"start":{"line":266,"column":6},"end":{"line":271,"column":8}},"118":{"start":{"line":274,"column":4},"end":{"line":281,"column":5}},"119":{"start":{"line":275,"column":6},"end":{"line":280,"column":8}},"120":{"start":{"line":283,"column":24},"end":{"line":283,"column":67}},"121":{"start":{"line":283,"column":40},"end":{"line":283,"column":66}},"122":{"start":{"line":284,"column":4},"end":{"line":291,"column":5}},"123":{"start":{"line":285,"column":6},"end":{"line":290,"column":8}},"124":{"start":{"line":293,"column":4},"end":{"line":300,"column":5}},"125":{"start":{"line":294,"column":6},"end":{"line":299,"column":8}},"126":{"start":{"line":302,"column":4},"end":{"line":302,"column":15}},"127":{"start":{"line":306,"column":18},"end":{"line":306,"column":20}},"128":{"start":{"line":308,"column":4},"end":{"line":314,"column":5}},"129":{"start":{"line":309,"column":6},"end":{"line":313,"column":8}},"130":{"start":{"line":316,"column":4},"end":{"line":322,"column":5}},"131":{"start":{"line":317,"column":6},"end":{"line":321,"column":8}},"132":{"start":{"line":324,"column":4},"end":{"line":330,"column":5}},"133":{"start":{"line":325,"column":6},"end":{"line":329,"column":8}},"134":{"start":{"line":332,"column":4},"end":{"line":332,"column":16}},"135":{"start":{"line":336,"column":26},"end":{"line":336,"column":28}},"136":{"start":{"line":338,"column":4},"end":{"line":345,"column":5}},"137":{"start":{"line":339,"column":6},"end":{"line":344,"column":8}},"138":{"start":{"line":347,"column":4},"end":{"line":353,"column":5}},"139":{"start":{"line":348,"column":6},"end":{"line":352,"column":8}},"140":{"start":{"line":355,"column":4},"end":{"line":355,"column":24}},"141":{"start":{"line":359,"column":16},"end":{"line":359,"column":18}},"142":{"start":{"line":361,"column":4},"end":{"line":363,"column":20}},"143":{"start":{"line":361,"column":26},"end":{"line":361,"column":37}},"144":{"start":{"line":362,"column":9},"end":{"line":363,"column":20}},"145":{"start":{"line":362,"column":31},"end":{"line":362,"column":42}},"146":{"start":{"line":363,"column":9},"end":{"line":363,"column":20}},"147":{"start":{"line":365,"column":4},"end":{"line":366,"column":65}},"148":{"start":{"line":365,"column":49},"end":{"line":365,"column":60}},"149":{"start":{"line":366,"column":9},"end":{"line":366,"column":65}},"150":{"start":{"line":366,"column":54},"end":{"line":366,"column":65}},"151":{"start":{"line":368,"column":4},"end":{"line":368,"column":97}},"152":{"start":{"line":368,"column":86},"end":{"line":368,"column":97}},"153":{"start":{"line":370,"column":4},"end":{"line":370,"column":49}},"154":{"start":{"line":370,"column":39},"end":{"line":370,"column":49}},"155":{"start":{"line":372,"column":4},"end":{"line":372,"column":39}},"156":{"start":{"line":372,"column":21},"end":{"line":372,"column":39}},"157":{"start":{"line":373,"column":4},"end":{"line":373,"column":34}},"158":{"start":{"line":373,"column":21},"end":{"line":373,"column":34}},"159":{"start":{"line":374,"column":4},"end":{"line":374,"column":34}},"160":{"start":{"line":374,"column":21},"end":{"line":374,"column":34}},"161":{"start":{"line":375,"column":4},"end":{"line":375,"column":20}},"162":{"start":{"line":379,"column":19},"end":{"line":384,"column":5}},"163":{"start":{"line":385,"column":4},"end":{"line":385,"column":55}},"164":{"start":{"line":389,"column":4},"end":{"line":391,"column":5}},"165":{"start":{"line":390,"column":6},"end":{"line":390,"column":38}},"166":{"start":{"line":392,"column":4},"end":{"line":394,"column":5}},"167":{"start":{"line":393,"column":6},"end":{"line":393,"column":46}},"168":{"start":{"line":395,"column":4},"end":{"line":395,"column":27}},"169":{"start":{"line":399,"column":4},"end":{"line":399,"column":53}},"170":{"start":{"line":403,"column":0},"end":{"line":403,"column":31}}},"fnMap":{"0":{"name":"(anonymous_0)","decl":{"start":{"line":6,"column":2},"end":{"line":6,"column":3}},"loc":{"start":{"line":6,"column":16},"end":{"line":16,"column":3}},"line":6},"1":{"name":"(anonymous_1)","decl":{"start":{"line":18,"column":2},"end":{"line":18,"column":3}},"loc":{"start":{"line":18,"column":43},"end":{"line":32,"column":3}},"line":18},"2":{"name":"(anonymous_2)","decl":{"start":{"line":26,"column":31},"end":{"line":26,"column":32}},"loc":{"start":{"line":26,"column":37},"end":{"line":26,"column":58}},"line":26},"3":{"name":"(anonymous_3)","decl":{"start":{"line":34,"column":2},"end":{"line":34,"column":3}},"loc":{"start":{"line":34,"column":51},"end":{"line":99,"column":3}},"line":34},"4":{"name":"(anonymous_4)","decl":{"start":{"line":81,"column":12},"end":{"line":81,"column":13}},"loc":{"start":{"line":81,"column":22},"end":{"line":81,"column":45}},"line":81},"5":{"name":"(anonymous_5)","decl":{"start":{"line":83,"column":11},"end":{"line":83,"column":12}},"loc":{"start":{"line":83,"column":34},"end":{"line":83,"column":55}},"line":83},"6":{"name":"(anonymous_6)","decl":{"start":{"line":90,"column":58},"end":{"line":90,"column":59}},"loc":{"start":{"line":90,"column":63},"end":{"line":90,"column":77}},"line":90},"7":{"name":"(anonymous_7)","decl":{"start":{"line":101,"column":2},"end":{"line":101,"column":3}},"loc":{"start":{"line":101,"column":46},"end":{"line":118,"column":3}},"line":101},"8":{"name":"(anonymous_8)","decl":{"start":{"line":120,"column":2},"end":{"line":120,"column":3}},"loc":{"start":{"line":120,"column":41},"end":{"line":143,"column":3}},"line":120},"9":{"name":"(anonymous_9)","decl":{"start":{"line":145,"column":2},"end":{"line":145,"column":3}},"loc":{"start":{"line":145,"column":38},"end":{"line":169,"column":3}},"line":145},"10":{"name":"(anonymous_10)","decl":{"start":{"line":171,"column":2},"end":{"line":171,"column":3}},"loc":{"start":{"line":171,"column":45},"end":{"line":215,"column":3}},"line":171},"11":{"name":"(anonymous_11)","decl":{"start":{"line":217,"column":2},"end":{"line":217,"column":3}},"loc":{"start":{"line":217,"column":47},"end":{"line":240,"column":3}},"line":217},"12":{"name":"(anonymous_12)","decl":{"start":{"line":229,"column":12},"end":{"line":229,"column":13}},"loc":{"start":{"line":229,"column":22},"end":{"line":229,"column":45}},"line":229},"13":{"name":"(anonymous_13)","decl":{"start":{"line":242,"column":2},"end":{"line":242,"column":3}},"loc":{"start":{"line":242,"column":46},"end":{"line":303,"column":3}},"line":242},"14":{"name":"(anonymous_14)","decl":{"start":{"line":283,"column":35},"end":{"line":283,"column":36}},"loc":{"start":{"line":283,"column":40},"end":{"line":283,"column":66}},"line":283},"15":{"name":"(anonymous_15)","decl":{"start":{"line":305,"column":2},"end":{"line":305,"column":3}},"loc":{"start":{"line":305,"column":45},"end":{"line":333,"column":3}},"line":305},"16":{"name":"(anonymous_16)","decl":{"start":{"line":335,"column":2},"end":{"line":335,"column":3}},"loc":{"start":{"line":335,"column":47},"end":{"line":356,"column":3}},"line":335},"17":{"name":"(anonymous_17)","decl":{"start":{"line":358,"column":2},"end":{"line":358,"column":3}},"loc":{"start":{"line":358,"column":53},"end":{"line":376,"column":3}},"line":358},"18":{"name":"(anonymous_18)","decl":{"start":{"line":378,"column":2},"end":{"line":378,"column":3}},"loc":{"start":{"line":378,"column":31},"end":{"line":386,"column":3}},"line":378},"19":{"name":"(anonymous_19)","decl":{"start":{"line":388,"column":2},"end":{"line":388,"column":3}},"loc":{"start":{"line":388,"column":35},"end":{"line":396,"column":3}},"line":388},"20":{"name":"(anonymous_20)","decl":{"start":{"line":398,"column":2},"end":{"line":398,"column":3}},"loc":{"start":{"line":398,"column":18},"end":{"line":400,"column":3}},"line":398}},"branchMap":{"0":{"loc":{"start":{"line":19,"column":4},"end":{"line":19,"column":57}},"type":"if","locations":[{"start":{"line":19,"column":4},"end":{"line":19,"column":57}},{"start":{},"end":{}}],"line":19},"1":{"loc":{"start":{"line":21,"column":21},"end":{"line":21,"column":62}},"type":"binary-expr","locations":[{"start":{"line":21,"column":21},"end":{"line":21,"column":56}},{"start":{"line":21,"column":60},"end":{"line":21,"column":62}}],"line":21},"2":{"loc":{"start":{"line":22,"column":24},"end":{"line":22,"column":68}},"type":"binary-expr","locations":[{"start":{"line":22,"column":24},"end":{"line":22,"column":62}},{"start":{"line":22,"column":66},"end":{"line":22,"column":68}}],"line":22},"3":{"loc":{"start":{"line":26,"column":6},"end":{"line":28,"column":7}},"type":"if","locations":[{"start":{"line":26,"column":6},"end":{"line":28,"column":7}},{"start":{},"end":{}}],"line":26},"4":{"loc":{"start":{"line":34,"column":40},"end":{"line":34,"column":49}},"type":"default-arg","locations":[{"start":{"line":34,"column":47},"end":{"line":34,"column":49}}],"line":34},"5":{"loc":{"start":{"line":62,"column":6},"end":{"line":64,"column":7}},"type":"if","locations":[{"start":{"line":62,"column":6},"end":{"line":64,"column":7}},{"start":{},"end":{}}],"line":62},"6":{"loc":{"start":{"line":68,"column":6},"end":{"line":70,"column":7}},"type":"if","locations":[{"start":{"line":68,"column":6},"end":{"line":70,"column":7}},{"start":{},"end":{}}],"line":68},"7":{"loc":{"start":{"line":75,"column":21},"end":{"line":75,"column":30}},"type":"binary-expr","locations":[{"start":{"line":75,"column":21},"end":{"line":75,"column":25}},{"start":{"line":75,"column":29},"end":{"line":75,"column":30}}],"line":75},"8":{"loc":{"start":{"line":106,"column":6},"end":{"line":114,"column":7}},"type":"if","locations":[{"start":{"line":106,"column":6},"end":{"line":114,"column":7}},{"start":{},"end":{}}],"line":106},"9":{"loc":{"start":{"line":106,"column":10},"end":{"line":106,"column":68}},"type":"binary-expr","locations":[{"start":{"line":106,"column":10},"end":{"line":106,"column":44}},{"start":{"line":106,"column":48},"end":{"line":106,"column":68}}],"line":106},"10":{"loc":{"start":{"line":121,"column":4},"end":{"line":121,"column":60}},"type":"if","locations":[{"start":{"line":121,"column":4},"end":{"line":121,"column":60}},{"start":{},"end":{}}],"line":121},"11":{"loc":{"start":{"line":129,"column":6},"end":{"line":133,"column":7}},"type":"if","locations":[{"start":{"line":129,"column":6},"end":{"line":133,"column":7}},{"start":{"line":131,"column":13},"end":{"line":133,"column":7}}],"line":129},"12":{"loc":{"start":{"line":136,"column":4},"end":{"line":136,"column":40}},"type":"if","locations":[{"start":{"line":136,"column":4},"end":{"line":136,"column":40}},{"start":{},"end":{}}],"line":136},"13":{"loc":{"start":{"line":140,"column":4},"end":{"line":140,"column":40}},"type":"if","locations":[{"start":{"line":140,"column":4},"end":{"line":140,"column":40}},{"start":{},"end":{}}],"line":140},"14":{"loc":{"start":{"line":141,"column":4},"end":{"line":141,"column":41}},"type":"if","locations":[{"start":{"line":141,"column":4},"end":{"line":141,"column":41}},{"start":{},"end":{}}],"line":141},"15":{"loc":{"start":{"line":149,"column":4},"end":{"line":151,"column":5}},"type":"if","locations":[{"start":{"line":149,"column":4},"end":{"line":151,"column":5}},{"start":{},"end":{}}],"line":149},"16":{"loc":{"start":{"line":149,"column":8},"end":{"line":149,"column":44}},"type":"binary-expr","locations":[{"start":{"line":149,"column":8},"end":{"line":149,"column":16}},{"start":{"line":149,"column":20},"end":{"line":149,"column":44}}],"line":149},"17":{"loc":{"start":{"line":154,"column":4},"end":{"line":156,"column":5}},"type":"if","locations":[{"start":{"line":154,"column":4},"end":{"line":156,"column":5}},{"start":{},"end":{}}],"line":154},"18":{"loc":{"start":{"line":154,"column":8},"end":{"line":154,"column":54}},"type":"binary-expr","locations":[{"start":{"line":154,"column":8},"end":{"line":154,"column":21}},{"start":{"line":154,"column":25},"end":{"line":154,"column":54}}],"line":154},"19":{"loc":{"start":{"line":159,"column":4},"end":{"line":161,"column":5}},"type":"if","locations":[{"start":{"line":159,"column":4},"end":{"line":161,"column":5}},{"start":{},"end":{}}],"line":159},"20":{"loc":{"start":{"line":159,"column":8},"end":{"line":159,"column":62}},"type":"binary-expr","locations":[{"start":{"line":159,"column":8},"end":{"line":159,"column":25}},{"start":{"line":159,"column":29},"end":{"line":159,"column":62}}],"line":159},"21":{"loc":{"start":{"line":164,"column":4},"end":{"line":166,"column":5}},"type":"if","locations":[{"start":{"line":164,"column":4},"end":{"line":166,"column":5}},{"start":{},"end":{}}],"line":164},"22":{"loc":{"start":{"line":164,"column":8},"end":{"line":164,"column":52}},"type":"binary-expr","locations":[{"start":{"line":164,"column":8},"end":{"line":164,"column":20}},{"start":{"line":164,"column":24},"end":{"line":164,"column":52}}],"line":164},"23":{"loc":{"start":{"line":177,"column":4},"end":{"line":177,"column":38}},"type":"if","locations":[{"start":{"line":177,"column":4},"end":{"line":177,"column":38}},{"start":{},"end":{}}],"line":177},"24":{"loc":{"start":{"line":180,"column":24},"end":{"line":182,"column":9}},"type":"cond-expr","locations":[{"start":{"line":181,"column":8},"end":{"line":181,"column":104}},{"start":{"line":182,"column":8},"end":{"line":182,"column":9}}],"line":180},"25":{"loc":{"start":{"line":211,"column":37},"end":{"line":211,"column":95}},"type":"cond-expr","locations":[{"start":{"line":211,"column":78},"end":{"line":211,"column":84}},{"start":{"line":211,"column":87},"end":{"line":211,"column":95}}],"line":211},"26":{"loc":{"start":{"line":220,"column":4},"end":{"line":226,"column":5}},"type":"if","locations":[{"start":{"line":220,"column":4},"end":{"line":226,"column":5}},{"start":{"line":222,"column":11},"end":{"line":226,"column":5}}],"line":220},"27":{"loc":{"start":{"line":222,"column":11},"end":{"line":226,"column":5}},"type":"if","locations":[{"start":{"line":222,"column":11},"end":{"line":226,"column":5}},{"start":{"line":224,"column":11},"end":{"line":226,"column":5}}],"line":222},"28":{"loc":{"start":{"line":231,"column":4},"end":{"line":233,"column":5}},"type":"if","locations":[{"start":{"line":231,"column":4},"end":{"line":233,"column":5}},{"start":{},"end":{}}],"line":231},"29":{"loc":{"start":{"line":235,"column":4},"end":{"line":237,"column":5}},"type":"if","locations":[{"start":{"line":235,"column":4},"end":{"line":237,"column":5}},{"start":{},"end":{}}],"line":235},"30":{"loc":{"start":{"line":236,"column":77},"end":{"line":236,"column":117}},"type":"cond-expr","locations":[{"start":{"line":236,"column":109},"end":{"line":236,"column":112}},{"start":{"line":236,"column":115},"end":{"line":236,"column":117}}],"line":236},"31":{"loc":{"start":{"line":244,"column":26},"end":{"line":244,"column":53}},"type":"binary-expr","locations":[{"start":{"line":244,"column":26},"end":{"line":244,"column":48}},{"start":{"line":244,"column":52},"end":{"line":244,"column":53}}],"line":244},"32":{"loc":{"start":{"line":246,"column":4},"end":{"line":253,"column":5}},"type":"if","locations":[{"start":{"line":246,"column":4},"end":{"line":253,"column":5}},{"start":{},"end":{}}],"line":246},"33":{"loc":{"start":{"line":256,"column":4},"end":{"line":263,"column":5}},"type":"if","locations":[{"start":{"line":256,"column":4},"end":{"line":263,"column":5}},{"start":{},"end":{}}],"line":256},"34":{"loc":{"start":{"line":256,"column":8},"end":{"line":256,"column":44}},"type":"binary-expr","locations":[{"start":{"line":256,"column":8},"end":{"line":256,"column":16}},{"start":{"line":256,"column":20},"end":{"line":256,"column":44}}],"line":256},"35":{"loc":{"start":{"line":265,"column":4},"end":{"line":272,"column":5}},"type":"if","locations":[{"start":{"line":265,"column":4},"end":{"line":272,"column":5}},{"start":{},"end":{}}],"line":265},"36":{"loc":{"start":{"line":265,"column":8},"end":{"line":265,"column":52}},"type":"binary-expr","locations":[{"start":{"line":265,"column":8},"end":{"line":265,"column":25}},{"start":{"line":265,"column":29},"end":{"line":265,"column":52}}],"line":265},"37":{"loc":{"start":{"line":274,"column":4},"end":{"line":281,"column":5}},"type":"if","locations":[{"start":{"line":274,"column":4},"end":{"line":281,"column":5}},{"start":{},"end":{}}],"line":274},"38":{"loc":{"start":{"line":284,"column":4},"end":{"line":291,"column":5}},"type":"if","locations":[{"start":{"line":284,"column":4},"end":{"line":291,"column":5}},{"start":{},"end":{}}],"line":284},"39":{"loc":{"start":{"line":284,"column":8},"end":{"line":284,"column":75}},"type":"binary-expr","locations":[{"start":{"line":284,"column":8},"end":{"line":284,"column":19}},{"start":{"line":284,"column":23},"end":{"line":284,"column":75}}],"line":284},"40":{"loc":{"start":{"line":293,"column":4},"end":{"line":300,"column":5}},"type":"if","locations":[{"start":{"line":293,"column":4},"end":{"line":300,"column":5}},{"start":{},"end":{}}],"line":293},"41":{"loc":{"start":{"line":308,"column":4},"end":{"line":314,"column":5}},"type":"if","locations":[{"start":{"line":308,"column":4},"end":{"line":314,"column":5}},{"start":{},"end":{}}],"line":308},"42":{"loc":{"start":{"line":316,"column":4},"end":{"line":322,"column":5}},"type":"if","locations":[{"start":{"line":316,"column":4},"end":{"line":322,"column":5}},{"start":{},"end":{}}],
[...]
,"column":4},"end":{"line":85,"column":112}},"20":{"start":{"line":87,"column":4},"end":{"line":87,"column":62}},"21":{"start":{"line":91,"column":20},"end":{"line":94,"column":5}},"22":{"start":{"line":96,"column":4},"end":{"line":96,"column":36}},"23":{"start":{"line":96,"column":30},"end":{"line":96,"column":36}},"24":{"start":{"line":98,"column":40},"end":{"line":98,"column":55}},"25":{"start":{"line":99,"column":23},"end":{"line":99,"column":58}},"26":{"start":{"line":101,"column":19},"end":{"line":101,"column":31}},"27":{"start":{"line":102,"column":4},"end":{"line":107,"column":5}},"28":{"start":{"line":102,"column":17},"end":{"line":102,"column":38}},"29":{"start":{"line":103,"column":6},"end":{"line":106,"column":7}},"30":{"start":{"line":104,"column":8},"end":{"line":104,"column":24}},"31":{"start":{"line":105,"column":8},"end":{"line":105,"column":13}},"32":{"start":{"line":109,"column":4},"end":{"line":122,"column":5}},"33":{"start":{"line":110,"column":6},"end":{"line":113,"column":7}},"34":{"start":{"line":115,"column":6},"end":{"line":121,"column":7}},"35":{"start":{"line":126,"column":21},"end":{"line":129,"column":5}},"36":{"start":{"line":131,"column":4},"end":{"line":131,"column":41}},"37":{"start":{"line":131,"column":30},"end":{"line":131,"column":41}},"38":{"start":{"line":133,"column":22},"end":{"line":133,"column":77}},"39":{"start":{"line":135,"column":4},"end":{"line":139,"column":5}},"40":{"start":{"line":141,"column":4},"end":{"line":144,"column":5}},"41":{"start":{"line":146,"column":4},"end":{"line":152,"column":5}},"42":{"start":{"line":154,"column":4},"end":{"line":154,"column":45}},"43":{"start":{"line":158,"column":19},"end":{"line":163,"column":5}},"44":{"start":{"line":165,"column":18},"end":{"line":165,"column":32}},"45":{"start":{"line":167,"column":4},"end":{"line":170,"column":5}},"46":{"start":{"line":172,"column":4},"end":{"line":172,"column":16}},"47":{"start":{"line":176,"column":20},"end":{"line":179,"column":5}},"48":{"start":{"line":181,"column":4},"end":{"line":183,"column":5}},"49":{"start":{"line":182,"column":6},"end":{"line":182,"column":93}},"50":{"start":{"line":185,"column":4},"end":{"line":189,"column":5}},"51":{"start":{"line":191,"column":4},"end":{"line":191,"column":99}},"52":{"start":{"line":193,"column":4},"end":{"line":193,"column":27}},"53":{"start":{"line":197,"column":4},"end":{"line":201,"column":5}},"54":{"start":{"line":203,"column":4},"end":{"line":209,"column":5}},"55":{"start":{"line":211,"column":4},"end":{"line":211,"column":30}},"56":{"start":{"line":215,"column":19},"end":{"line":230,"column":5}},"57":{"start":{"line":232,"column":4},"end":{"line":232,"column":22}},"58":{"start":{"line":236,"column":20},"end":{"line":239,"column":5}},"59":{"start":{"line":241,"column":19},"end":{"line":244,"column":5}},"60":{"start":{"line":246,"column":19},"end":{"line":249,"column":5}},"61":{"start":{"line":251,"column":19},"end":{"line":256,"column":5}},"62":{"start":{"line":258,"column":23},"end":{"line":258,"column":58}},"63":{"start":{"line":259,"column":22},"end":{"line":259,"column":46}},"64":{"start":{"line":260,"column":25},"end":{"line":260,"column":52}},"65":{"start":{"line":261,"column":29},"end":{"line":261,"column":62}},"66":{"start":{"line":262,"column":26},"end":{"line":262,"column":87}},"67":{"start":{"line":263,"column":27},"end":{"line":265,"column":11}},"68":{"start":{"line":267,"column":4},"end":{"line":275,"column":5}},"69":{"start":{"line":279,"column":0},"end":{"line":279,"column":41}}},"fnMap":{"0":{"name":"(anonymous_0)","decl":{"start":{"line":6,"column":2},"end":{"line":6,"column":3}},"loc":{"start":{"line":6,"column":16},"end":{"line":24,"column":3}},"line":6},"1":{"name":"(anonymous_1)","decl":{"start":{"line":26,"column":2},"end":{"line":26,"column":3}},"loc":{"start":{"line":26,"column":36},"end":{"line":47,"column":3}},"line":26},"2":{"name":"(anonymous_2)","decl":{"start":{"line":49,"column":2},"end":{"line":49,"column":3}},"loc":{"start":{"line":49,"column":36},"end":{"line":61,"column":3}},"line":49},"3":{"name":"(anonymous_3)","decl":{"start":{"line":63,"column":2},"end":{"line":63,"column":3}},"loc":{"start":{"line":63,"column":33},"end":{"line":73,"column":3}},"line":63},"4":{"name":"(anonymous_4)","decl":{"start":{"line":75,"column":2},"end":{"line":75,"column":3}},"loc":{"start":{"line":75,"column":36},"end":{"line":88,"column":3}},"line":75},"5":{"name":"(anonymous_5)","decl":{"start":{"line":90,"column":2},"end":{"line":90,"column":3}},"loc":{"start":{"line":90,"column":29},"end":{"line":123,"column":3}},"line":90},"6":{"name":"(anonymous_6)","decl":{"start":{"line":125,"column":2},"end":{"line":125,"column":3}},"loc":{"start":{"line":125,"column":62},"end":{"line":155,"column":3}},"line":125},"7":{"name":"(anonymous_7)","decl":{"start":{"line":157,"column":2},"end":{"line":157,"column":3}},"loc":{"start":{"line":157,"column":83},"end":{"line":173,"column":3}},"line":157},"8":{"name":"(anonymous_8)","decl":{"start":{"line":175,"column":2},"end":{"line":175,"column":3}},"loc":{"start":{"line":175,"column":42},"end":{"line":194,"column":3}},"line":175},"9":{"name":"(anonymous_9)","decl":{"start":{"line":196,"column":2},"end":{"line":196,"column":3}},"loc":{"start":{"line":196,"column":80},"end":{"line":212,"column":3}},"line":196},"10":{"name":"(anonymous_10)","decl":{"start":{"line":214,"column":2},"end":{"line":214,"column":3}},"loc":{"start":{"line":214,"column":37},"end":{"line":233,"column":3}},"line":214},"11":{"name":"(anonymous_11)","decl":{"start":{"line":235,"column":2},"end":{"line":235,"column":3}},"loc":{"start":{"line":235,"column":27},"end":{"line":276,"column":3}},"line":235}},"branchMap":{"0":{"loc":{"start":{"line":37,"column":4},"end":{"line":42,"column":5}},"type":"if","locations":[{"start":{"line":37,"column":4},"end":{"line":42,"column":5}},{"start":{},"end":{}}],"line":37},"1":{"loc":{"start":{"line":46,"column":32},"end":{"line":46,"column":62}},"type":"binary-expr","locations":[{"start":{"line":46,"column":32},"end":{"line":46,"column":50}},{"start":{"line":46,"column":54},"end":{"line":46,"column":62}}],"line":46},"2":{"loc":{"start":{"line":96,"column":4},"end":{"line":96,"column":36}},"type":"if","locations":[{"start":{"line":96,"column":4},"end":{"line":96,"column":36}},{"start":{},"end":{}}],"line":96},"3":{"loc":{"start":{"line":103,"column":6},"end":{"line":106,"column":7}},"type":"if","locations":[{"start":{"line":103,"column":6},"end":{"line":106,"column":7}},{"start":{},"end":{}}],"line":103},"4":{"loc":{"start":{"line":109,"column":4},"end":{"line":122,"column":5}},"type":"if","locations":[{"start":{"line":109,"column":4},"end":{"line":122,"column":5}},{"start":{},"end":{}}],"line":109},"5":{"loc":{"start":{"line":131,"column":4},"end":{"line":131,"column":41}},"type":"if","locations":[{"start":{"line":131,"column":4},"end":{"line":131,"column":41}},{"start":{},"end":{}}],"line":131},"6":{"loc":{"start":{"line":133,"column":22},"end":{"line":133,"column":77}},"type":"binary-expr","locations":[{"start":{"line":133,"column":22},"end":{"line":133,"column":46}},{"start":{"line":133,"column":50},"end":{"line":133,"column":77}}],"line":133},"7":{"loc":{"start":{"line":181,"column":4},"end":{"line":183,"column":5}},"type":"if","locations":[{"start":{"line":181,"column":4},"end":{"line":183,"column":5}},{"start":{},"end":{}}],"line":181},"8":{"loc":{"start":{"line":259,"column":22},"end":{"line":259,"column":46}},"type":"binary-expr","locations":[{"start":{"line":259,"column":22},"end":{"line":259,"column":41}},{"start":{"line":259,"column":45},"end":{"line":259,"column":46}}],"line":259},"9":{"loc":{"start":{"line":260,"column":25},"end":{"line":260,"column":52}},"type":"binary-expr","locations":[{"start":{"line":260,"column":25},"end":{"line":260,"column":47}},{"start":{"line":260,"column":51},"end":{"line":260,"column":52}}],"line":260},"10":{"loc":{"start":{"line":261,"column":29},"end":{"line":261,"column":62}},"type":"binary-expr","locations":[{"start":{"line":261,"column":29},"end":{"line":261,"column":57}},{"start":{"line":261,"column":61},"end":{"line":261,"column":62}}],"line":261},"11":{"loc":{"start":{"line":262,"column":26},"end":{"line":262,"column":87}},"type":"binary-expr","locations":[{"start":{"line":262,"column":26},"end":{"line":262,"column":50}},{"start":{"line":262,"column":54},"end":{"line":262,"column":87}}],"line":262},"12":{"loc":{"start":{"line":263,"column":27},"end":{"line":265,"column":11}},"type":"cond-expr","locations":[{"start":{"line":264,"column":8},"end":{"line":264,"column":94}},{"start":{"line":265,"column":8},"end":{"line":265,"column":11}}],"line":263},"13":{"loc":{"start":{"line":271,"column":19},"end":{"line":271,"column":53}},"type":"binary-expr","locations":[{"start":{"line":271,"column":19},"end":{"line":271,"column":48}},{"start":{"line":271,"column":52},"end":{"line":271,"column":53}}],"line":271},"14":{"loc":{"start":{"line":273,"column":14},"end":{"line":273,"column":72}},"type":"binary-expr","locations":[{"start":{"line":273,"column":14},"end":{"line":273,"column":28}},{"start":{"line":273,"column":32},"end":{"line":273,"column":72}}],"line":273}},"s":{"0":1,"1":1,"2":1,"3":1,"4":0,"5":0,"6":0,"7":0,"8":0,"9":0,"10":0,"11":0,"12":0,"13":0,"14":0,"15":0,"16":0,"17":0,"18":0,"19":0,"20":0,"21":0,"22":0,"23":0,"24":0,"25":0,"26":0,"27":0,"28":0,"29":0,"30":0,"31":0,"32":0,"33":0,"34":0,"35":1,"36":1,"37":1,"38":0,"39":0,"40":0,"41":0,"42":0,"43":0,"44":0,"45":0,"46":0,"47":0,"48":0,"49":0,"50":0,"51":0,"52":0,"53":0,"54":0,"55":0,"56":0,"57":0,"58":0,"59":0,"60":0,"61":0,"62":0,"63":0,"64":0,"65":0,"66":0,"67":0,"68":0,"69":1},"f":{"0":1,"1":0,"2":0,"3":0,"4":0,"5":0,"6":1,"7":0,"8":0,"9":0,"10":0,"11":0},"b":{"0":[0,0],"1":[0,0],"2":[0,0],"3":[0,0],"4":[0,0],"5":[1,0],"6":[0,0],"7":[0,0],"8":[0,0],"9":[0,0],"10":[0,0],"11":[0,0],"12":[0,0],"13":[0,0],"14":[0,0]},"_coverageSchema":"1a1c01bbd47fc00a2c39e90264f33305004495a9","hash":"c8b1a969ccdff9aace1e6fd1654b5ec73ac38735"}
,"D:\\antigravity ide\\utm\\src\\services\\NudgeEngine.js": {"path":"D:\\antigravity ide\\utm\\src\\services\\NudgeEngine.js","statementMap":{"0":{"start":{"line":1,"column":15},"end":{"line":1,"column":35}},"1":{"start":{"line":2,"column":11},"end":{"line":2,"column":44}},"2":{"start":{"line":6,"column":4},"end":{"line":17,"column":5}},"3":{"start":{"line":21,"column":68},"end":{"line":21,"column":75}},"4":{"start":{"line":23,"column":19},"end":{"line":28,"column":5}},"5":{"start":{"line":30,"column":4},"end":{"line":30,"column":25}},"6":{"start":{"line":34,"column":16},"end":{"line":34,"column":26}},"7":{"start":{"line":35,"column":20},"end":{"line":38,"column":5}},"8":{"start":{"line":40,"column":19},"end":{"line":40,"column":21}},"9":{"start":{"line":41,"column":4},"end":{"line":67,"column":5}},"10":{"start":{"line":42,"column":20},"end":{"line":42,"column":63}},"11":{"start":{"line":44,"column":6},"end":{"line":66,"column":7}},"12":{"start":{"line":45,"column":24},"end":{"line":45,"column":47}},"13":{"start":{"line":46,"column":26},"end":{"line":46,"column":82}},"14":{"start":{"line":47,"column":8},"end":{"line":55,"column":9}},"15":{"start":{"line":56,"column":13},"end":{"line":66,"column":7}},"16":{"start":{"line":57,"column":8},"end":{"line":65,"column":9}},"17":{"start":{"line":69,"column":4},"end":{"line":69,"column":17}},"18":{"start":{"line":73,"column":19},"end":{"line":76,"column":5}},"19":{"start":{"line":78,"column":4},"end":{"line":78,"column":40}},"20":{"start":{"line":78,"column":29},"end":{"line":78,"column":40}},"21":{"start":{"line":79,"column":47},"end":{"line":79,"column":61}},"22":{"start":{"line":81,"column":21},"end":{"line":81,"column":45}},"23":{"start":{"line":82,"column":31},"end":{"line":82,"column":83}},"24":{"start":{"line":84,"column":4},"end":{"line":92,"column":5}},"25":{"start":{"line":85,"column":6},"end":{"line":91,"column":7}},"26":{"start":{"line":94,"column":4},"end":{"line":94,"column":15}},"27":{"start":{"line":98,"column":23},"end":{"line":98,"column":55}},"28":{"start":{"line":99,"column":20},"end":{"line":99,"column":22}},"29":{"start":{"line":101,"column":4},"end":{"line":122,"column":5}},"30":{"start":{"line":102,"column":6},"end":{"line":121,"column":7}},"31":{"start":{"line":103,"column":25},"end":{"line":106,"column":9}},"32":{"start":{"line":108,"column":8},"end":{"line":120,"column":9}},"33":{"start":{"line":109,"column":24},"end":{"line":118,"column":11}},"34":{"start":{"line":119,"column":10},"end":{"line":119,"column":29}},"35":{"start":{"line":124,"column":4},"end":{"line":124,"column":18}},"36":{"start":{"line":128,"column":20},"end":{"line":128,"column":30}},"37":{"start":{"line":129,"column":4},"end":{"line":129,"column":42}},"38":{"start":{"line":131,"column":26},"end":{"line":136,"column":5}},"39":{"start":{"line":138,"column":27},"end":{"line":143,"column":5}},"40":{"start":{"line":145,"column":19},"end":{"line":148,"column":5}},"41":{"start":{"line":150,"column":40},"end":{"line":150,"column":61}},"42":{"start":{"line":151,"column":39},"end":{"line":151,"column":61}},"43":{"start":{"line":152,"column":26},"end":{"line":152,"column":61}},"44":{"start":{"line":154,"column":23},"end":{"line":154,"column":48}},"45":{"start":{"line":155,"column":23},"end":{"line":155,"column":37}},"46":{"start":{"line":157,"column":4},"end":{"line":165,"column":5}},"47":{"start":{"line":169,"column":21},"end":{"line":177,"column":5}},"48":{"start":{"line":178,"column":4},"end":{"line":178,"column":86}},"49":{"start":{"line":182,"column":4},"end":{"line":182,"column":53}},"50":{"start":{"line":186,"column":19},"end":{"line":189,"column":5}},"51":{"start":{"line":190,"column":4},"end":{"line":190,"column":22}},"52":{"start":{"line":194,"column":4},"end":{"line":197,"column":5}},"53":{"start":{"line":201,"column":20},"end":{"line":204,"column":5}},"54":{"start":{"line":205,"column":4},"end":{"line":205,"column":18}},"55":{"start":{"line":209,"column":0},"end":{"line":209,"column":34}}},"fnMap":{"0":{"name":"(anonymous_0)","decl":{"start":{"line":5,"column":2},"end":{"line":5,"column":3}},"loc":{"start":{"line":5,"column":16},"end":{"line":18,"column":3}},"line":5},"1":{"name":"(anonymous_1)","decl":{"start":{"line":20,"column":2},"end":{"line":20,"column":3}},"loc":{"start":{"line":20,"column":64},"end":{"line":31,"column":3}},"line":20},"2":{"name":"(anonymous_2)","decl":{"start":{"line":33,"column":2},"end":{"line":33,"column":3}},"loc":{"start":{"line":33,"column":34},"end":{"line":70,"column":3}},"line":33},"3":{"name":"(anonymous_3)","decl":{"start":{"line":72,"column":2},"end":{"line":72,"column":3}},"loc":{"start":{"line":72,"column":33},"end":{"line":95,"column":3}},"line":72},"4":{"name":"(anonymous_4)","decl":{"start":{"line":97,"column":2},"end":{"line":97,"column":3}},"loc":{"start":{"line":97,"column":48},"end":{"line":125,"column":3}},"line":97},"5":{"name":"(anonymous_5)","decl":{"start":{"line":127,"column":2},"end":{"line":127,"column":3}},"loc":{"start":{"line":127,"column":36},"end":{"line":166,"column":3}},"line":127},"6":{"name":"(anonymous_6)","decl":{"start":{"line":168,"column":2},"end":{"line":168,"column":3}},"loc":{"start":{"line":168,"column":33},"end":{"line":179,"column":3}},"line":168},"7":{"name":"(anonymous_7)","decl":{"start":{"line":181,"column":2},"end":{"line":181,"column":3}},"loc":{"start":{"line":181,"column":18},"end":{"line":183,"column":3}},"line":181},"8":{"name":"(anonymous_8)","decl":{"start":{"line":185,"column":2},"end":{"line":185,"column":3}},"loc":{"start":{"line":185,"column":32},"end":{"line":191,"column":3}},"line":185},"9":{"name":"(anonymous_9)","decl":{"start":{"line":193,"column":2},"end":{"line":193,"column":3}},"loc":{"start":{"line":193,"column":31},"end":{"line":198,"column":3}},"line":193},"10":{"name":"(anonymous_10)","decl":{"start":{"line":200,"column":2},"end":{"line":200,"column":3}},"loc":{"start":{"line":200,"column":34},"end":{"line":206,"column":3}},"line":200}},"branchMap":{"0":{"loc":{"start":{"line":20,"column":50},"end":{"line":20,"column":62}},"type":"default-arg","locations":[{"start":{"line":20,"column":60},"end":{"line":20,"column":62}}],"line":20},"1":{"loc":{"start":{"line":21,"column":12},"end":{"line":21,"column":28}},"type":"default-arg","locations":[{"start":{"line":21,"column":22},"end":{"line":21,"column":28}}],"line":21},"2":{"loc":{"start":{"line":21,"column":30},"end":{"line":21,"column":49}},"type":"default-arg","locations":[{"start":{"line":21,"column":41},"end":{"line":21,"column":49}}],"line":21},"3":{"loc":{"start":{"line":21,"column":51},"end":{"line":21,"column":63}},"type":"default-arg","locations":[{"start":{"line":21,"column":61},"end":{"line":21,"column":63}}],"line":21},"4":{"loc":{"start":{"line":44,"column":6},"end":{"line":66,"column":7}},"type":"if","locations":[{"start":{"line":44,"column":6},"end":{"line":66,"column":7}},{"start":{"line":56,"column":13},"end":{"line":66,"column":7}}],"line":44},"5":{"loc":{"start":{"line":44,"column":10},"end":{"line":44,"column":68}},"type":"binary-expr","locations":[{"start":{"line":44,"column":10},"end":{"line":44,"column":55}},{"start":{"line":44,"column":59},"end":{"line":44,"column":68}}],"line":44},"6":{"loc":{"start":{"line":56,"column":13},"end":{"line":66,"column":7}},"type":"if","locations":[{"start":{"line":56,"column":13},"end":{"line":66,"column":7}},{"start":{},"end":{}}],"line":56},"7":{"loc":{"start":{"line":78,"column":4},"end":{"line":78,"column":40}},"type":"if","locations":[{"start":{"line":78,"column":4},"end":{"line":78,"column":40}},{"start":{},"end":{}}],"line":78},"8":{"loc":{"start":{"line":84,"column":4},"end":{"line":92,"column":5}},"type":"if","locations":[{"start":{"line":84,"column":4},"end":{"line":92,"column":5}},{"start":{},"end":{}}],"line":84},"9":{"loc":{"start":{"line":102,"column":6},"end":{"line":121,"column":7}},"type":"if","locations":[{"start":{"line":102,"column":6},"end":{"line":121,"column":7}},{"start":{},"end":{}}],"line":102},"10":{"loc":{"start":{"line":108,"column":8},"end":{"line":120,"column":9}},"type":"if","locations":[{"start":{"line":108,"column":8},"end":{"line":120,"column":9}},{"start":{},"end":{}}],"line":108},"11":{"loc":{"start":{"line":152,"column":26},"end":{"line":152,"column":61}},"type":"binary-expr","locations":[{"start":{"line":152,"column":26},"end":{"line":152,"column":56}},{"start":{"line":152,"column":60},"end":{"line":152,"column":61}}],"line":152},"12":{"loc":{"start":{"line":160,"column":6},"end":{"line":160,"column":52}},"type":"cond-expr","locations":[{"start":{"line":160,"column":19},"end":{"line":160,"column":32}},{"start":{"line":160,"column":35},"end":{"line":160,"column":52}}],"line":160},"13":{"loc":{"start":{"line":161,"column":6},"end":{"line":163,"column":141}},"type":"cond-expr","locations":[{"start":{"line":162,"column":10},"end":{"line":162,"column":192}},{"start":{"line":163,"column":10},"end":{"line":163,"column":141}}],"line":161},"14":{"loc":{"start":{"line":178,"column":11},"end":{"line":178,"column":86}},"type":"binary-expr","locations":[{"start":{"line":178,"column":11},"end":{"line":178,"column":30}},{"start":{"line":178,"column":34},"end":{"line":178,"column":86}}],"line":178}},"s":{"0":1,"1":1,"2":1,"3":1,"4":1,"5":1,"6":0,"7":0,"8":0,"9":0,"10":0,"11":0,"12":0,"13":0,"14":0,"15":0,"16":0,"17":0,"18":0,"19":0,"20":0,"21":0,"22":0,"23":0,"24":0,"25":0,"26":0,"27":0,"28":0,"29":0,"30":0,"31":0,"32":0,"33":0,"34":0,"35":0,"36":0,"37":0,"38":0,"39":0,"40":0,"41":0,"42":0,"43":0,"44":0,"45":0,"46":0,"47":2,"48":2,"49":0,"50":0,"51":0,"52":0,"53":0,"54":0,"55":1},"f":{"0":1,"1":1,"2":0,"3":0,"4":0,"5":0,"6":2,"7":0,"8":0,"9":0,"10":0},"b":{"0":[1],"1":[1],"2":[1],"3":[1],"4":[0,0],"5":[0,0],"6":[0,0],"7":[0,0],"8":[0,0],"9":[0,0],"10":[0,0],"11":[0,0],"12":[0,0],"13":[0,0],"14":[2,1]},"_coverageSchema":"1a1c01bbd47fc00a2c39e90264f33305004495a9","hash":"b9923970df28322934b5dc4eff94a09e39575cbf"}
}
