TN:
SF:src\config\index.js
FNF:0
FNH:0
DA:1,1
DA:3,1
LF:2
LH:2
BRDA:4,0,0,1
BRDA:4,0,1,0
BRDA:5,1,0,1
BRDA:5,1,1,0
BRDA:7,2,0,1
BRDA:7,2,1,0
BRDA:8,3,0,1
BRDA:8,3,1,0
BRDA:9,4,0,1
BRDA:9,4,1,0
BRDA:10,5,0,1
BRDA:10,5,1,0
BRDA:11,6,0,1
BRDA:11,6,1,0
BRDA:14,7,0,1
BRDA:14,7,1,0
BRDA:15,8,0,1
BRDA:15,8,1,0
BRDA:18,9,0,1
BRDA:18,9,1,0
BRDA:19,10,0,1
BRDA:19,10,1,0
BRDA:22,11,0,1
BRDA:22,11,1,0
BRDA:23,12,0,1
BRDA:23,12,1,0
BRDA:26,13,0,1
BRDA:26,13,1,0
BRDA:27,14,0,1
BRDA:27,14,1,0
BRF:30
BRH:15
end_of_record
TN:
SF:src\controllers\dashboardController.js
FN:8,(anonymous_0)
FN:58,(anonymous_1)
FN:78,(anonymous_2)
FN:97,(anonymous_3)
FN:119,(anonymous_4)
FN:142,(anonymous_5)
FN:168,(anonymous_6)
FN:181,(anonymous_7)
FN:193,(anonymous_8)
FN:209,(anonymous_9)
FN:231,(anonymous_10)
FN:241,(anonymous_11)
FN:251,(anonymous_12)
FN:263,(anonymous_13)
FN:275,(anonymous_14)
FN:288,(anonymous_15)
FN:298,(anonymous_16)
FNF:17
FNH:0
FNDA:0,(anonymous_0)
FNDA:0,(anonymous_1)
FNDA:0,(anonymous_2)
FNDA:0,(anonymous_3)
FNDA:0,(anonymous_4)
FNDA:0,(anonymous_5)
FNDA:0,(anonymous_6)
FNDA:0,(anonymous_7)
FNDA:0,(anonymous_8)
FNDA:0,(anonymous_9)
FNDA:0,(anonymous_10)
FNDA:0,(anonymous_11)
FNDA:0,(anonymous_12)
FNDA:0,(anonymous_13)
FNDA:0,(anonymous_14)
FNDA:0,(anonymous_15)
FNDA:0,(anonymous_16)
DA:1,0
DA:2,0
DA:3,0
DA:4,0
DA:5,0
DA:9,0
DA:10,0
DA:12,0
DA:22,0
DA:23,0
DA:26,0
DA:37,0
DA:42,0
DA:54,0
DA:59,0
DA:60,0
DA:62,0
DA:67,0
DA:68,0
DA:71,0
DA:72,0
DA:74,0
DA:79,0
DA:80,0
DA:81,0
DA:91,0
DA:93,0
DA:98,0
DA:99,0
DA:100,0
DA:102,0
DA:108,0
DA:113,0
DA:115,0
DA:120,0
DA:121,0
DA:122,0
DA:124,0
DA:125,0
DA:127,0
DA:128,0
DA:129,0
DA:132,0
DA:133,0
DA:135,0
DA:136,0
DA:138,0
DA:143,0
DA:144,0
DA:145,0
DA:147,0
DA:149,0
DA:155,0
DA:157,0
DA:158,0
DA:159,0
DA:162,0
DA:164,0
DA:169,0
DA:170,0
DA:171,0
DA:175,0
DA:177,0
DA:182,0
DA:183,0
DA:184,0
DA:186,0
DA:187,0
DA:189,0
DA:194,0
DA:195,0
DA:196,0
DA:198,0
DA:203,0
DA:205,0
DA:210,0
DA:211,0
DA:212,0
DA:214,0
DA:215,0
DA:217,0
DA:218,0
DA:221,0
DA:222,0
DA:224,0
DA:225,0
DA:227,0
DA:232,0
DA:233,0
DA:234,0
DA:235,0
DA:237,0
DA:242,0
DA:243,0
DA:244,0
DA:245,0
DA:247,0
DA:252,0
DA:253,0
DA:254,0
DA:256,0
DA:257,0
DA:259,0
DA:264,0
DA:265,0
DA:266,0
DA:268,0
DA:269,0
DA:271,0
DA:276,0
DA:277,0
DA:278,0
DA:279,0
DA:281,0
DA:282,0
DA:284,0
DA:289,0
DA:290,0
DA:291,0
DA:292,0
DA:294,0
DA:299,0
DA:300,0
DA:301,0
DA:302,0
DA:303,0
DA:305,0
DA:310,0
LF:128
LH:0
BRDA:22,0,0,0
BRDA:22,0,1,0
BRDA:45,1,0,0
BRDA:45,1,1,0
BRDA:46,2,0,0
BRDA:46,2,1,0
BRDA:67,3,0,0
BRDA:67,3,1,0
BRDA:105,4,0,0
BRDA:105,4,1,0
BRDA:105,5,0,0
BRDA:105,5,1,0
BRDA:122,6,0,0
BRDA:122,7,0,0
BRDA:127,8,0,0
BRDA:127,8,1,0
BRDA:147,9,0,0
BRDA:147,9,1,0
BRDA:152,10,0,0
BRDA:152,10,1,0
BRDA:152,11,0,0
BRDA:152,11,1,0
BRDA:157,12,0,0
BRDA:157,12,1,0
BRDA:212,13,0,0
BRDA:217,14,0,0
BRDA:217,14,1,0
BRDA:301,15,0,0
BRF:28
BRH:0
end_of_record
TN:
SF:src\database\connection.js
FN:9,toSQLite
FN:24,query
FN:51,(anonymous_2)
FN:51,(anonymous_3)
FN:53,(anonymous_4)
FNF:5
FNH:0
FNDA:0,toSQLite
FNDA:0,query
FNDA:0,(anonymous_2)
FNDA:0,(anonymous_3)
FNDA:0,(anonymous_4)
DA:1,0
DA:2,0
DA:4,0
DA:5,0
DA:6,0
DA:7,0
DA:10,0
DA:25,0
DA:26,0
DA:28,0
DA:29,0
DA:30,0
DA:31,0
DA:34,0
DA:35,0
DA:36,0
DA:37,0
DA:44,0
DA:45,0
DA:46,0
DA:49,0
DA:51,0
DA:53,0
LF:23
LH:0
BRDA:24,0,0,0
BRDA:28,1,0,0
BRDA:28,1,1,0
BRDA:28,2,0,0
BRDA:28,2,1,0
BRDA:30,3,0,0
BRDA:30,3,1,0
BRDA:34,4,0,0
BRDA:34,4,1,0
BRDA:34,5,0,0
BRDA:34,5,1,0
BRDA:34,5,2,0
BRDA:36,6,0,0
BRDA:36,6,1,0
BRDA:45,7,0,0
BRDA:45,7,1,0
BRF:16
BRH:0
end_of_record
TN:
SF:src\database\migrate.js
FN:4,migrate
FN:8,(anonymous_1)
FN:22,(anonymous_2)
FNF:3
FNH:0
FNDA:0,migrate
FNDA:0,(anonymous_1)
FNDA:0,(anonymous_2)
DA:1,0
DA:2,0
DA:5,0
DA:6,0
DA:8,0
DA:10,0
DA:11,0
DA:12,0
DA:13,0
DA:14,0
DA:18,0
DA:19,0
DA:21,0
DA:22,0
DA:24,0
DA:26,0
DA:27,0
DA:31,0
LF:18
LH:0
BRDA:12,0,0,0
BRDA:12,0,1,0
BRF:2
BRH:0
end_of_record
TN:
SF:src\database\schema.js
FNF:0
FNH:0
DA:1,0
DA:189,0
LF:2
LH:0
BRF:0
BRH:0
end_of_record
TN:
SF:src\database\sqlite-schema.js
FNF:0
FNH:0
DA:1,0
DA:191,0
LF:2
LH:0
BRF:0
BRH:0
end_of_record
TN:
SF:src\database\sqlite.js
FN:5,(anonymous_0)
FN:11,(anonymous_1)
FN:38,(anonymous_2)
FN:40,(anonymous_3)
FN:41,(anonymous_4)
FN:45,(anonymous_5)
FN:49,(anonymous_6)
FN:56,getInstance
FN:65,(anonymous_8)
FN:66,(anonymous_9)
FN:68,(anonymous_10)
FNF:11
FNH:0
FNDA:0,(anonymous_0)
FNDA:0,(anonymous_1)
FNDA:0,(anonymous_2)
FNDA:0,(anonymous_3)
FNDA:0,(anonymous_4)
FNDA:0,(anonymous_5)
FNDA:0,(anonymous_6)
FNDA:0,getInstance
FNDA:0,(anonymous_8)
FNDA:0,(anonymous_9)
FNDA:0,(anonymous_10)
DA:1,0
DA:2,0
DA:6,0
DA:7,0
DA:8,0
DA:12,0
DA:14,0
DA:17,0
DA:18,0
DA:19,0
DA:20,0
DA:21,0
DA:22,0
DA:23,0
DA:24,0
DA:30,0
DA:31,0
DA:32,0
DA:35,0
DA:39,0
DA:40,0
DA:46,0
DA:50,0
DA:54,0
DA:57,0
DA:58,0
DA:59,0
DA:61,0
DA:64,0
DA:65,0
DA:66,0
DA:68,0
LF:32
LH:0
BRDA:11,0,0,0
BRDA:17,1,0,0
BRDA:17,1,1,0
BRDA:17,2,0,0
BRDA:17,2,1,0
BRDA:21,3,0,0
BRDA:21,3,1,0
BRDA:21,4,0,0
BRDA:21,4,1,0
BRDA:21,4,2,0
BRDA:57,5,0,0
BRDA:57,5,1,0
BRF:12
BRH:0
end_of_record
TN:
SF:src\frontend\scripts\app.js
FN:27,api
FN:49,showTab
FN:50,(anonymous_2)
FN:51,(anonymous_3)
FN:63,toggleNudgePanel
FN:67,openNewGoalModal
FN:71,openNewRuleModal
FN:75,openNewGroupModal
FN:79,closeModal
FN:83,refreshInsights
FN:92,updateInsightsView
FN:96,renderStreakCalendar
FN:112,initDashboard
FN:115,(anonymous_13)
FN:128,(anonymous_14)
FN:145,closeModalsOnOutside
FN:146,(anonymous_16)
FN:147,(anonymous_17)
FN:153,setupRealtime
FN:158,(anonymous_19)
FN:164,showNudgeToast
FN:187,(anonymous_21)
FN:190,(anonymous_22)
FN:194,(anonymous_23)
FNF:24
FNH:0
FNDA:0,api
FNDA:0,showTab
FNDA:0,(anonymous_2)
FNDA:0,(anonymous_3)
FNDA:0,toggleNudgePanel
FNDA:0,openNewGoalModal
FNDA:0,openNewRuleModal
FNDA:0,openNewGroupModal
FNDA:0,closeModal
FNDA:0,refreshInsights
FNDA:0,updateInsightsView
FNDA:0,renderStreakCalendar
FNDA:0,initDashboard
FNDA:0,(anonymous_13)
FNDA:0,(anonymous_14)
FNDA:0,closeModalsOnOutside
FNDA:0,(anonymous_16)
FNDA:0,(anonymous_17)
FNDA:0,setupRealtime
FNDA:0,(anonymous_19)
FNDA:0,showNudgeToast
FNDA:0,(anonymous_21)
FNDA:0,(anonymous_22)
FNDA:0,(anonymous_23)
DA:1,0
DA:3,0
DA:10,0
DA:28,0
DA:29,0
DA:30,0
DA:33,0
DA:34,0
DA:42,0
DA:44,0
DA:45,0
DA:50,0
DA:51,0
DA:53,0
DA:54,0
DA:56,0
DA:57,0
DA:58,0
DA:60,0
DA:64,0
DA:68,0
DA:72,0
DA:76,0
DA:80,0
DA:84,0
DA:85,0
DA:86,0
DA:88,0
DA:93,0
DA:97,0
DA:98,0
DA:100,0
DA:101,0
DA:103,0
DA:104,0
DA:105,0
DA:106,0
DA:107,0
DA:108,0
DA:113,0
DA:115,0
DA:116,0
DA:117,0
DA:118,0
DA:122,0
DA:123,0
DA:124,0
DA:128,0
DA:129,0
DA:130,0
DA:131,0
DA:135,0
DA:136,0
DA:137,0
DA:141,0
DA:142,0
DA:146,0
DA:147,0
DA:148,0
DA:154,0
DA:155,0
DA:156,0
DA:158,0
DA:159,0
DA:165,0
DA:166,0
DA:180,0
DA:185,0
DA:187,0
DA:188,0
DA:189,0
DA:190,0
DA:194,0
DA:195,0
DA:196,0
LF:75
LH:0
BRDA:7,0,0,0
BRDA:7,0,1,0
BRDA:27,1,0,0
BRDA:28,2,0,0
BRDA:28,2,1,0
BRDA:54,3,0,0
BRDA:54,3,1,0
BRDA:58,4,0,0
BRDA:58,4,1,0
BRDA:85,5,0,0
BRDA:85,5,1,0
BRDA:98,6,0,0
BRDA:98,6,1,0
BRDA:106,7,0,0
BRDA:106,7,1,0
BRDA:122,8,0,0
BRDA:122,8,1,0
BRDA:135,9,0,0
BRDA:135,9,1,0
BRDA:148,10,0,0
BRDA:148,10,1,0
BRDA:154,11,0,0
BRDA:154,11,1,0
BRDA:154,12,0,0
BRDA:154,12,1,0
BRDA:156,13,0,0
BRDA:156,13,1,0
BRDA:181,14,0,0
BRDA:181,14,1,0
BRDA:182,15,0,0
BRDA:182,15,1,0
BRF:31
BRH:0
end_of_record
TN:
SF:src\middleware\auth.js
FN:4,authenticate
FN:22,optionalAuth
FNF:2
FNH:0
FNDA:0,authenticate
FNDA:0,optionalAuth
DA:1,0
DA:2,0
DA:5,0
DA:7,0
DA:8,0
DA:11,0
DA:13,0
DA:14,0
DA:15,0
DA:16,0
DA:18,0
DA:23,0
DA:25,0
DA:26,0
DA:27,0
DA:28,0
DA:29,0
DA:34,0
DA:37,0
LF:19
LH:0
BRDA:7,0,0,0
BRDA:7,0,1,0
BRDA:7,1,0,0
BRDA:7,1,1,0
BRDA:25,2,0,0
BRDA:25,2,1,0
BRDA:25,3,0,0
BRDA:25,3,1,0
BRF:8
BRH:0
end_of_record
TN:
SF:src\routes\api.js
FNF:0
FNH:0
DA:1,0
DA:2,0
DA:3,0
DA:4,0
DA:6,0
DA:8,0
DA:9,0
DA:10,0
DA:11,0
DA:13,0
DA:14,0
DA:16,0
DA:17,0
DA:18,0
DA:20,0
DA:21,0
DA:23,0
DA:24,0
DA:25,0
DA:26,0
DA:27,0
DA:29,0
DA:31,0
LF:23
LH:0
BRF:0
BRH:0
end_of_record
TN:
SF:src\services\AIEngine.js
FN:6,(anonymous_0)
FN:18,(anonymous_1)
FN:26,(anonymous_2)
FN:34,(anonymous_3)
FN:81,(anonymous_4)
FN:83,(anonymous_5)
FN:90,(anonymous_6)
FN:101,(anonymous_7)
FN:120,(anonymous_8)
FN:145,(anonymous_9)
FN:171,(anonymous_10)
FN:217,(anonymous_11)
FN:229,(anonymous_12)
FN:242,(anonymous_13)
FN:283,(anonymous_14)
FN:305,(anonymous_15)
FN:335,(anonymous_16)
FN:358,(anonymous_17)
FN:378,(anonymous_18)
FN:388,(anonymous_19)
FN:398,(anonymous_20)
FNF:21
FNH:5
FNDA:1,(anonymous_0)
FNDA:4,(anonymous_1)
FNDA:75,(anonymous_2)
FNDA:0,(anonymous_3)
FNDA:0,(anonymous_4)
FNDA:0,(anonymous_5)
FNDA:0,(anonymous_6)
FNDA:1,(anonymous_7)
FNDA:2,(anonymous_8)
FNDA:0,(anonymous_9)
FNDA:0,(anonymous_10)
FNDA:0,(anonymous_11)
FNDA:0,(anonymous_12)
FNDA:0,(anonymous_13)
FNDA:0,(anonymous_14)
FNDA:0,(anonymous_15)
FNDA:0,(anonymous_16)
FNDA:0,(anonymous_17)
FNDA:0,(anonymous_18)
FNDA:0,(anonymous_19)
FNDA:0,(anonymous_20)
DA:1,1
DA:2,1
DA:3,1
DA:7,1
DA:19,4
DA:21,4
DA:22,4
DA:23,4
DA:25,4
DA:26,75
DA:27,3
DA:31,1
DA:35,0
DA:36,0
DA:38,0
DA:45,0
DA:59,0
DA:60,0
DA:62,0
DA:63,0
DA:65,0
DA:66,0
DA:68,0
DA:69,0
DA:71,0
DA:72,0
DA:75,0
DA:76,0
DA:77,0
DA:78,0
DA:80,0
DA:81,0
DA:83,0
DA:85,0
DA:86,0
DA:87,0
DA:90,0
DA:92,0
DA:94,0
DA:96,0
DA:98,0
DA:102,1
DA:103,1
DA:105,1
DA:106,3
DA:107,1
DA:117,1
DA:121,2
DA:123,2
DA:124,2
DA:125,2
DA:127,2
DA:128,40
DA:129,40
DA:130,22
DA:132,18
DA:136,2
DA:138,2
DA:140,2
DA:141,1
DA:142,0
DA:146,0
DA:148,0
DA:149,0
DA:150,0
DA:153,0
DA:154,0
DA:155,0
DA:158,0
DA:159,0
DA:160,0
DA:163,0
DA:164,0
DA:165,0
DA:168,0
DA:172,0
DA:173,0
DA:174,0
DA:175,0
DA:177,0
DA:179,0
DA:180,0
DA:184,0
DA:195,0
DA:203,0
DA:204,0
DA:206,0
DA:214,0
DA:218,0
DA:220,0
DA:221,0
DA:222,0
DA:223,0
DA:225,0
DA:228,0
DA:229,0
DA:231,0
DA:232,0
DA:235,0
DA:236,0
DA:239,0
DA:243,0
DA:244,0
DA:246,0
DA:247,0
DA:255,0
DA:256,0
DA:257,0
DA:265,0
DA:266,0
DA:274,0
DA:275,0
DA:283,0
DA:284,0
DA:285,0
DA:293,0
DA:294,0
DA:302,0
DA:306,0
DA:308,0
DA:309,0
DA:316,0
DA:317,0
DA:324,0
DA:325,0
DA:332,0
DA:336,0
DA:338,0
DA:339,0
DA:347,0
DA:348,0
DA:355,0
DA:359,0
DA:361,0
DA:362,0
DA:363,0
DA:365,0
DA:366,0
DA:368,0
DA:370,0
DA:372,0
DA:373,0
DA:374,0
DA:375,0
DA:379,0
DA:385,0
DA:389,0
DA:390,0
DA:392,0
DA:393,0
DA:395,0
DA:399,0
DA:403,1
LF:153
LH:32
BRDA:19,0,0,0
BRDA:19,0,1,4
BRDA:21,1,0,4
BRDA:21,1,1,0
BRDA:22,2,0,4
BRDA:22,2,1,0
BRDA:26,3,0,3
BRDA:26,3,1,10
BRDA:34,4,0,0
BRDA:62,5,0,0
BRDA:62,5,1,0
BRDA:68,6,0,0
BRDA:68,6,1,0
BRDA:75,7,0,0
BRDA:75,7,1,0
BRDA:106,8,0,1
BRDA:106,8,1,2
BRDA:106,9,0,3
BRDA:106,9,1,1
BRDA:121,10,0,0
BRDA:121,10,1,2
BRDA:129,11,0,22
BRDA:129,11,1,18
BRDA:136,12,0,0
BRDA:136,12,1,2
BRDA:140,13,0,1
BRDA:140,13,1,1
BRDA:141,14,0,1
BRDA:141,14,1,0
BRDA:149,15,0,0
BRDA:149,15,1,0
BRDA:149,16,0,0
BRDA:149,16,1,0
BRDA:154,17,0,0
BRDA:154,17,1,0
BRDA:154,18,0,0
BRDA:154,18,1,0
BRDA:159,19,0,0
BRDA:159,19,1,0
BRDA:159,20,0,0
BRDA:159,20,1,0
BRDA:164,21,0,0
BRDA:164,21,1,0
BRDA:164,22,0,0
BRDA:164,22,1,0
BRDA:177,23,0,0
BRDA:177,23,1,0
BRDA:180,24,0,0
BRDA:180,24,1,0
BRDA:211,25,0,0
BRDA:211,25,1,0
BRDA:220,26,0,0
BRDA:220,26,1,0
BRDA:222,27,0,0
BRDA:222,27,1,0
BRDA:231,28,0,0
BRDA:231,28,1,0
BRDA:235,29,0,0
BRDA:235,29,1,0
BRDA:236,30,0,0
BRDA:236,30,1,0
BRDA:244,31,0,0
BRDA:244,31,1,0
BRDA:246,32,0,0
BRDA:246,32,1,0
BRDA:256,33,0,0
BRDA:256,33,1,0
BRDA:256,34,0,0
BRDA:256,34,1,0
BRDA:265,35,0,0
BRDA:265,35,1,0
BRDA:265,36,0,0
BRDA:265,36,1,0
BRDA:274,37,0,0
BRDA:274,37,1,0
BRDA:284,38,0,0
BRDA:284,38,1,0
BRDA:284,39,0,0
BRDA:284,39,1,0
BRDA:293,40,0,0
BRDA:293,40,1,0
BRDA:308,41,0,0
BRDA:308,41,1,0
BRDA:316,42,0,0
BRDA:316,42,1,0
BRDA:324,43,0,0
BRDA:324,43,1,0
BRDA:338,44,0,0
BRDA:338,44,1,0
BRDA:338,45,0,0
BRDA:338,45,1,0
BRDA:347,46,0,0
BRDA:347,46,1,0
BRDA:361,47,0,0
BRDA:361,47,1,0
BRDA:362,48,0,0
BRDA:362,48,1,0
BRDA:365,49,0,0
BRDA:365,49,1,0
BRDA:366,50,0,0
BRDA:366,50,1,0
BRDA:368,51,0,0
BRDA:368,51,1,0
BRDA:368,52,0,0
BRDA:368,52,1,0
BRDA:370,53,0,0
BRDA:370,53,1,0
BRDA:372,54,0,0
BRDA:372,54,1,0
BRDA:373,55,0,0
BRDA:373,55,1,0
BRDA:374,56,0,0
BRDA:374,56,1,0
BRDA:385,57,0,0
BRDA:385,57,1,0
BRDA:389,58,0,0
BRDA:389,58,1,0
BRDA:392,59,0,0
BRDA:392,59,1,0
BRF:119
BRH:16
end_of_record
TN:
SF:src\services\AutoSaveEngine.js
FN:7,(anonymous_0)
FN:16,(anonymous_1)
FN:35,(anonymous_2)
FN:82,(anonymous_3)
FN:141,(anonymous_4)
FN:183,(anonymous_5)
FN:265,(anonymous_6)
FN:274,(anonymous_7)
FN:284,(anonymous_8)
FNF:9
FNH:2
FNDA:1,(anonymous_0)
FNDA:0,(anonymous_1)
FNDA:0,(anonymous_2)
FNDA:0,(anonymous_3)
FNDA:0,(anonymous_4)
FNDA:0,(anonymous_5)
FNDA:0,(anonymous_6)
FNDA:0,(anonymous_7)
FNDA:2,(anonymous_8)
DA:1,1
DA:2,1
DA:3,1
DA:4,1
DA:8,1
DA:17,0
DA:24,0
DA:32,0
DA:36,0
DA:44,0
DA:46,0
DA:47,0
DA:48,0
DA:50,0
DA:52,0
DA:53,0
DA:55,0
DA:56,0
DA:58,0
DA:64,0
DA:65,0
DA:71,0
DA:76,0
DA:77,0
DA:79,0
DA:83,0
DA:88,0
DA:90,0
DA:91,0
DA:92,0
DA:94,0
DA:95,0
DA:96,0
DA:97,0
DA:99,0
DA:101,0
DA:103,0
DA:104,0
DA:106,0
DA:112,0
DA:113,0
DA:119,0
DA:124,0
DA:132,0
DA:133,0
DA:135,0
DA:138,0
DA:142,0
DA:147,0
DA:148,0
DA:150,0
DA:151,0
DA:152,0
DA:154,0
DA:156,0
DA:162,0
DA:163,0
DA:169,0
DA:174,0
DA:175,0
DA:177,0
DA:180,0
DA:184,0
DA:186,0
DA:191,0
DA:192,0
DA:198,0
DA:206,0
DA:209,0
DA:210,0
DA:211,0
DA:212,0
DA:215,0
DA:217,0
DA:218,0
DA:219,0
DA:220,0
DA:221,0
DA:223,0
DA:226,0
DA:233,0
DA:234,0
DA:241,0
DA:242,0
DA:243,0
DA:250,0
DA:251,0
DA:252,0
DA:259,0
DA:262,0
DA:266,0
DA:271,0
DA:275,0
DA:281,0
DA:285,2
DA:291,2
DA:295,1
LF:97
LH:8
BRDA:44,0,0,0
BRDA:44,0,1,0
BRDA:50,1,0,0
BRDA:50,1,1,0
BRDA:53,2,0,0
BRDA:53,2,1,0
BRDA:55,3,0,0
BRDA:55,3,1,0
BRDA:64,4,0,0
BRDA:64,4,1,0
BRDA:88,5,0,0
BRDA:88,5,1,0
BRDA:95,6,0,0
BRDA:95,6,1,0
BRDA:96,7,0,0
BRDA:96,7,1,0
BRDA:99,8,0,0
BRDA:99,8,1,0
BRDA:103,9,0,0
BRDA:103,9,1,0
BRDA:104,10,0,0
BRDA:104,10,1,0
BRDA:112,11,0,0
BRDA:112,11,1,0
BRDA:151,12,0,0
BRDA:151,12,1,0
BRDA:154,13,0,0
BRDA:154,13,1,0
BRDA:162,14,0,0
BRDA:162,14,1,0
BRDA:191,15,0,0
BRDA:191,15,1,0
BRDA:217,16,0,0
BRDA:217,16,1,0
BRDA:219,17,0,0
BRDA:219,17,1,0
BRDA:221,18,0,0
BRDA:221,18,1,0
BRDA:233,19,0,0
BRDA:233,19,1,0
BRDA:242,20,0,0
BRDA:242,20,1,0
BRDA:251,21,0,0
BRDA:251,21,1,0
BRDA:281,22,0,0
BRDA:281,22,1,0
BRDA:291,23,0,2
BRDA:291,23,1,0
BRF:48
BRH:1
end_of_record
TN:
SF:src\services\GamificationEngine.js
FN:6,(anonymous_0)
FN:26,(anonymous_1)
FN:49,(anonymous_2)
FN:63,(anonymous_3)
FN:75,(anonymous_4)
FN:90,(anonymous_5)
FN:125,(anonymous_6)
FN:157,(anonymous_7)
FN:175,(anonymous_8)
FN:196,(anonymous_9)
FN:214,(anonymous_10)
FN:235,(anonymous_11)
FNF:12
FNH:2
FNDA:1,(anonymous_0)
FNDA:0,(anonymous_1)
FNDA:0,(anonymous_2)
FNDA:0,(anonymous_3)
FNDA:0,(anonymous_4)
FNDA:0,(anonymous_5)
FNDA:1,(anonymous_6)
FNDA:0,(anonymous_7)
FNDA:0,(anonymous_8)
FNDA:0,(anonymous_9)
FNDA:0,(anonymous_10)
FNDA:0,(anonymous_11)
DA:1,1
DA:2,1
DA:3,1
DA:7,1
DA:27,0
DA:29,0
DA:37,0
DA:38,0
DA:44,0
DA:46,0
DA:50,0
DA:52,0
DA:59,0
DA:60,0
DA:64,0
DA:71,0
DA:72,0
DA:76,0
DA:83,0
DA:85,0
DA:87,0
DA:91,0
DA:96,0
DA:98,0
DA:99,0
DA:101,0
DA:102,0
DA:103,0
DA:104,0
DA:105,0
DA:109,0
DA:110,0
DA:115,0
DA:126,1
DA:131,1
DA:133,0
DA:135,0
DA:141,0
DA:146,0
DA:154,0
DA:158,0
DA:165,0
DA:167,0
DA:172,0
DA:176,0
DA:181,0
DA:182,0
DA:185,0
DA:191,0
DA:193,0
DA:197,0
DA:203,0
DA:211,0
DA:215,0
DA:232,0
DA:236,0
DA:241,0
DA:246,0
DA:251,0
DA:258,0
DA:259,0
DA:260,0
DA:261,0
DA:262,0
DA:263,0
DA:267,0
DA:279,1
LF:67
LH:7
BRDA:37,0,0,0
BRDA:37,0,1,0
BRDA:46,1,0,0
BRDA:46,1,1,0
BRDA:96,2,0,0
BRDA:96,2,1,0
BRDA:103,3,0,0
BRDA:103,3,1,0
BRDA:109,4,0,0
BRDA:109,4,1,0
BRDA:131,5,0,1
BRDA:131,5,1,0
BRDA:133,6,0,0
BRDA:133,6,1,0
BRDA:181,7,0,0
BRDA:181,7,1,0
BRDA:259,8,0,0
BRDA:259,8,1,0
BRDA:260,9,0,0
BRDA:260,9,1,0
BRDA:261,10,0,0
BRDA:261,10,1,0
BRDA:262,11,0,0
BRDA:262,11,1,0
BRDA:263,12,0,0
BRDA:263,12,1,0
BRDA:271,13,0,0
BRDA:271,13,1,0
BRDA:273,14,0,0
BRDA:273,14,1,0
BRF:30
BRH:1
end_of_record
TN:
SF:src\services\NudgeEngine.js
FN:5,(anonymous_0)
FN:20,(anonymous_1)
FN:33,(anonymous_2)
FN:72,(anonymous_3)
FN:97,(anonymous_4)
FN:127,(anonymous_5)
FN:168,(anonymous_6)
FN:181,(anonymous_7)
FN:185,(anonymous_8)
FN:193,(anonymous_9)
FN:200,(anonymous_10)
FNF:11
FNH:3
FNDA:1,(anonymous_0)
FNDA:1,(anonymous_1)
FNDA:0,(anonymous_2)
FNDA:0,(anonymous_3)
FNDA:0,(anonymous_4)
FNDA:0,(anonymous_5)
FNDA:2,(anonymous_6)
FNDA:0,(anonymous_7)
FNDA:0,(anonymous_8)
FNDA:0,(anonymous_9)
FNDA:0,(anonymous_10)
DA:1,1
DA:2,1
DA:6,1
DA:21,1
DA:23,1
DA:30,1
DA:34,0
DA:35,0
DA:40,0
DA:41,0
DA:42,0
DA:44,0
DA:45,0
DA:46,0
DA:47,0
DA:56,0
DA:57,0
DA:69,0
DA:73,0
DA:78,0
DA:79,0
DA:81,0
DA:82,0
DA:84,0
DA:85,0
DA:94,0
DA:98,0
DA:99,0
DA:101,0
DA:102,0
DA:103,0
DA:108,0
DA:109,0
DA:119,0
DA:124,0
DA:128,0
DA:129,0
DA:131,0
DA:138,0
DA:145,0
DA:150,0
DA:151,0
DA:152,0
DA:154,0
DA:155,0
DA:157,0
DA:169,2
DA:178,2
DA:182,0
DA:186,0
DA:190,0
DA:194,0
DA:201,0
DA:205,0
DA:209,1
LF:55
LH:9
BRDA:20,0,0,1
BRDA:21,1,0,1
BRDA:21,2,0,1
BRDA:21,3,0,1
BRDA:44,4,0,0
BRDA:44,4,1,0
BRDA:44,5,0,0
BRDA:44,5,1,0
BRDA:56,6,0,0
BRDA:56,6,1,0
BRDA:78,7,0,0
BRDA:78,7,1,0
BRDA:84,8,0,0
BRDA:84,8,1,0
BRDA:102,9,0,0
BRDA:102,9,1,0
BRDA:108,10,0,0
BRDA:108,10,1,0
BRDA:152,11,0,0
BRDA:152,11,1,0
BRDA:160,12,0,0
BRDA:160,12,1,0
BRDA:161,13,0,0
BRDA:161,13,1,0
BRDA:178,14,0,2
BRDA:178,14,1,1
BRF:26
BRH:6
end_of_record
